MIG: 18:13:40 : xml_input_file: board.prj
MIG: 18:13:40 : Absolute path of xml_input_file: c:/Arty/MicroBlaze/MicroBlaze.srcs/sources_1/bd/system/ip/system_mig_7series_0_1/board.prj
MIG: 18:13:40 : xml_input_file: board.prj
MIG: 18:13:40 : Absolute path of xml_input_file: c:/Arty/MicroBlaze/MicroBlaze.srcs/sources_1/bd/system/ip/system_mig_7series_0_1/board.prj
MIG: 18:13:40 : In updateAllModelParams
MIG: 18:13:40 : ################# RUNNING MIG BATCH ###################
MIG: 18:13:40 : Writing IN file for 'system_mig_7series_0_1'...compDirPath: c:/Xilinx/Vivado/2017.1/data/ip/xilinx/mig_7series_v4_0... instDirPath: c:/Arty/MicroBlaze/MicroBlaze.srcs/sources_1/bd/system/ip/system_mig_7series_0_1
MIG: 18:13:40 : synp_flow:  -- synthesis_mode: Other
MIG: 18:13:40 : outputDirectory: c:/Arty/MicroBlaze/MicroBlaze.srcs/sources_1/bd/system/ip/system_mig_7series_0_1/_tmp/
MIG: 18:13:40 : vivado_mode: xpg_bd
MIG: 18:13:40 : isPortInterface: 0
MIG: 18:13:40 : isPortInterface: 0
MIG: 18:13:40 : isPortInterface: 0
MIG: 18:13:40 : isPortInterface: 0
MIG: 18:13:40 : isPortInterface: 0
MIG: 18:13:40 : isPortInterface: 0
MIG: 18:13:40 : isPortInterface: 0
MIG: 18:13:40 : isPortInterface: 0
MIG: 18:13:40 : isPortInterface: 0
MIG: 18:13:40 : isPortInterface: 0
MIG: 18:13:40 : isPortInterface: 0
MIG: 18:13:40 : isPortInterface: 0
MIG: 18:13:40 : isPortInterface: 0
MIG: 18:13:40 : isPortInterface: 0
MIG: 18:13:40 : isPortInterface: 0
MIG: 18:13:40 : isPortInterface: 0
MIG: 18:13:40 : isPortInterface: 0
MIG: 18:13:40 : isPortInterface: 0
MIG: 18:13:40 : isPortInterface: 0
MIG: 18:13:40 : isPortInterface: 0
MIG: 18:13:40 : isPortInterface: 0
MIG: 18:13:40 : isPortInterface: 0
MIG: 18:13:40 : isPortInterface: 0
MIG: 18:13:40 : isPortInterface: 0
MIG: 18:13:40 : isPortInterface: 0
MIG: 18:13:40 : isPortInterface: 0
MIG: 18:13:40 : isPortInterface: 0
MIG: 18:13:40 : isPortInterface: 0
MIG: 18:13:40 : isPortInterface: 0
MIG: 18:13:40 : isPortInterface: 0
MIG: 18:13:40 : isPortInterface: 0
MIG: 18:13:40 : isPortInterface: 0
MIG: 18:13:40 : isPortInterface: 0
MIG: 18:13:40 : isPortInterface: 0
MIG: 18:13:40 : isPortInterface: 0
MIG: 18:13:40 : isPortInterface: 0
MIG: 18:13:40 : isPortInterface: 0
MIG: 18:13:40 : isPortInterface: 0
MIG: 18:13:40 : isPortInterface: 0
MIG: 18:13:40 : isPortInterface: 0
MIG: 18:13:40 : isPortInterface: 0
MIG: 18:13:40 : isPortInterface: 0
MIG: 18:13:40 : isPortInterface: 0
MIG: 18:13:40 : isPortInterface: 0
MIG: 18:13:40 : isPortInterface: 0
MIG: 18:13:40 : isPortInterface: 0
MIG: 18:13:40 : isPortInterface: 0
MIG: 18:13:40 : isPortInterface: 0
MIG: 18:13:40 : isPortInterface: 0
MIG: 18:13:40 : isPortInterface: 0
MIG: 18:13:40 : isPortInterface: 0
MIG: 18:13:40 : isPortInterface: 0
MIG: 18:13:40 : isPortInterface: 0
MIG: 18:13:40 : isPortInterface: 0
MIG: 18:13:40 : isPortInterface: 0
MIG: 18:13:40 : isPortInterface: 0
MIG: 18:13:40 : isPortInterface: 0
MIG: 18:13:40 : isPortInterface: 0
MIG: 18:13:40 : isPortInterface: 0
MIG: 18:13:40 : isPortInterface: 0
MIG: 18:13:40 : isPortInterface: 0
MIG: 18:13:40 : isPortInterface: 0
MIG: 18:13:40 : isPortInterface: 0
MIG: 18:13:40 : isPortInterface: 0
MIG: 18:13:40 : isPortInterface: 0
MIG: 18:13:40 : isPortInterface: 0
MIG: 18:13:40 : isPortInterface: 0
MIG: 18:13:40 : isPortInterface: 0
MIG: 18:13:40 : isPortInterface: 0
MIG: 18:13:40 : isPortInterface: 0
MIG: 18:13:40 : isPortInterface: 0
MIG: 18:13:40 : isPortInterface: 0
MIG: 18:13:40 : isPortInterface: 0
MIG: 18:13:40 : isPortInterface: 0
MIG: 18:13:40 : isPortInterface: 0
MIG: 18:13:40 : isPortInterface: 0
MIG: 18:13:40 : isPortInterface: 0
MIG: 18:13:40 : isPortInterface: 0
MIG: 18:13:40 : isPortInterface: 0
MIG: 18:13:40 : isPortInterface: 0
MIG: 18:13:40 : isPortInterface: 0
MIG: 18:13:40 : isPortInterface: 0
MIG: 18:13:40 : isPortInterface: 0
MIG: 18:13:40 : isPortInterface: 0
MIG: 18:13:40 : isPortInterface: 0
MIG: 18:13:40 : isPortInterface: 0
MIG: 18:13:40 : isPortInterface: 0
MIG: 18:13:40 : isPortInterface: 0
MIG: 18:13:40 : isPortInterface: 0
MIG: 18:13:40 : isPortInterface: 0
MIG: 18:13:40 : isPortInterface: 0
MIG: 18:13:40 : isPortInterface: 0
MIG: 18:13:40 : isPortInterface: 0
MIG: 18:13:40 : isPortInterface: 0
MIG: 18:13:40 : isPortInterface: 0
MIG: 18:13:40 : isPortInterface: 0
MIG: 18:13:40 : isPortInterface: 0
MIG: 18:13:40 : isPortInterface: 0
MIG: 18:13:40 : isPortInterface: 0
MIG: 18:13:40 : isPortInterface: 0
MIG: 18:13:40 : isPortInterface: 0
MIG: 18:13:40 : isPortInterface: 0
MIG: 18:13:40 : isPortInterface: 0
MIG: 18:13:40 : isPortInterface: 0
MIG: 18:13:40 : isPortInterface: 0
MIG: 18:13:40 : isPortInterface: 0
MIG: 18:13:40 : isPortInterface: 0
MIG: 18:13:40 : isPortInterface: 0
MIG: 18:13:40 : isPortInterface: 0
MIG: 18:13:40 : isPortInterface: 0
MIG: 18:13:40 : isPortInterface: 0
MIG: 18:13:40 : isPortInterface: 0
MIG: 18:13:40 : isPortInterface: 0
MIG: 18:13:40 : isPortInterface: 0
MIG: 18:13:40 : isPortInterface: 0
MIG: 18:13:40 : isPortInterface: 0
MIG: 18:13:40 : isPortInterface: 0
MIG: 18:13:40 : isPortInterface: 0
MIG: 18:13:40 : isPortInterface: 0
MIG: 18:13:40 : isPortInterface: 0
MIG: 18:13:40 : isPortInterface: 0
MIG: 18:13:40 : isPortInterface: 0
MIG: 18:13:40 : isPortInterface: 0
MIG: 18:13:40 : isPortInterface: 1
MIG: 18:13:40 : isPortInterface: 0
MIG: 18:13:40 : isPortInterface: 0
MIG: 18:13:40 : isPortInterface: 0
MIG: 18:13:40 : isPortInterface: 0
MIG: 18:13:40 : isPortInterface: 0
MIG: 18:13:40 : isPortInterface: 0
MIG: 18:13:40 : isPortInterface: 0
MIG: 18:13:40 : isPortInterface: 0
MIG: 18:13:40 : isPortInterface: 0
MIG: 18:13:40 : isPortInterface: 0
MIG: 18:13:40 :  locked false  
MIG: 18:13:40 : HDL Language: Verilog
MIG: 18:13:40 : compInfo: true
MIG: 18:13:40 : Vivado Options xc7a35ti csg324 -1l
MIG: 18:13:40 : 1: xc7a35ti 2: csg324 3: -1l
MIG: 18:13:40 : relative mig path: coregen/ip/xilinx/other/com/xilinx/ip/mig_7series_v4_0/bin/nt64/mig.exe
MIG: 18:13:40 : xilinx_path: C:/Xilinx/Vivado/2017.1/ids_lite/ISE
MIG: 18:13:40 : I am in catch area
MIG: 18:13:40 : Running C:/Xilinx/Vivado/2017.1/ids_lite/ISE/coregen/ip/xilinx/other/com/xilinx/ip/mig_7series_v4_0/bin/nt64/mig.exe -cg_exc_inp c:/Arty/MicroBlaze/MicroBlaze.srcs/sources_1/bd/system/ip/system_mig_7series_0_1/xil_txt.in -cg_exc_out c:/Arty/MicroBlaze/MicroBlaze.srcs/sources_1/bd/system/ip/system_mig_7series_0_1/xil_txt.out ... 
MIG: 18:13:52 : XML_INPUT_FILE: c:/Arty/MicroBlaze/MicroBlaze.srcs/sources_1/bd/system/ip/system_mig_7series_0_1/board.prj
MIG: 18:13:52 : Component_Name: system_mig_7series_0_1
MIG: 18:13:52 : Moving system_mig_7series_0_1 ...
MIG: 18:13:52 : Moving system_mig_7series_0_1.veo ...
MIG: 18:13:52 : Moving system_mig_7series_0_1_xmdf.tcl ...
MIG: 18:13:52 : XGUI hdlLanguage: Verilog
MIG: 18:13:52 : xgui vivado_mode: xpg_bd
MIG: 18:13:52 : xgui hdlLanguage: Verilog -- hdlExt: v
MIG: 18:13:52 : Reading C:/Arty/MicroBlaze/MicroBlaze.srcs/sources_1/bd/system/ip/system_mig_7series_0_1/system_mig_7series_0_1/user_design/rtl/system_mig_7series_0_1_mig.v ...
MIG: 18:13:53 : 1
MIG: 18:13:53 : Inside fn mem: DDR3
MIG: 18:13:53 : detect_uiclk: 83333333
MIG: 18:13:53 : cntrl:  memtype: DDR3
MIG: 18:13:53 : 666
MIG: 18:13:53 :  MMCM_VCO single ctrl param_name: MMCM_VCO --  possibleMaxVcoVal: 666 
MIG: 18:13:53 : 
MIG: 18:13:53 : 1
MIG: 18:13:53 : 83333333
MIG: 18:13:53 : 
MIG: 18:13:53 :  polarity_value: 1
MIG: 18:13:53 : 
MIG: 18:13:53 : 
MIG: 18:13:53 : cntrl:  memtype: DDR3
MIG: 18:13:53 : 
MIG: 18:13:53 :  Valid Param: DDR3_BANK_WIDTH ==> 3
MIG: 18:13:53 : 
MIG: 18:13:53 :  Valid Param: DDR3_CK_WIDTH ==> 1
MIG: 18:13:53 :  Invalid Param: DDR3_COL_WIDTH ==> 10
MIG: 18:13:53 : 
MIG: 18:13:53 :  Valid Param: DDR3_CS_WIDTH ==> 1
MIG: 18:13:54 : 
MIG: 18:13:54 :  Valid Param: DDR3_nCS_PER_RANK ==> 1
MIG: 18:13:54 : 
MIG: 18:13:54 :  Valid Param: DDR3_CKE_WIDTH ==> 1
MIG: 18:13:54 :  Invalid Param: DDR3_DATA_BUF_ADDR_WIDTH ==> 5
MIG: 18:13:54 :  Invalid Param: DDR3_DQ_CNT_WIDTH ==> 4
MIG: 18:13:54 :  Invalid Param: DDR3_DQ_PER_DM ==> 8
MIG: 18:13:54 : 2
MIG: 18:13:54 :  Valid Param: DDR3_DM_WIDTH ==> 2
MIG: 18:13:54 : 16
MIG: 18:13:54 :  Valid Param: DDR3_DQ_WIDTH ==> 16
MIG: 18:13:54 : 2
MIG: 18:13:54 :  Valid Param: DDR3_DQS_WIDTH ==> 2
MIG: 18:13:54 : 
MIG: 18:13:54 :  Valid Param: DDR3_DQS_CNT_WIDTH ==> 1
MIG: 18:13:54 :  Invalid Param: DDR3_DRAM_WIDTH ==> 8
MIG: 18:13:54 : 
MIG: 18:13:54 :  Valid Param: ECC ==> OFF
MIG: 18:13:54 : 16
MIG: 18:13:54 :  Valid Param: DDR3_DATA_WIDTH ==> 16
MIG: 18:13:54 :  Invalid Param: ECC_TEST ==> "OFF"
MIG: 18:13:54 :  Invalid Param: DDR3_PAYLOAD_WIDTH ==> (ECC_TEST == "OFF") ? DATA_WIDTH : DQ_WIDTH
MIG: 18:13:54 :  Invalid Param: DDR3_MEM_ADDR_ORDER ==> "BANK_ROW_COLUMN"
MIG: 18:13:54 :  Invalid Param: DDR3_nBANK_MACHS ==> 4
MIG: 18:13:54 :  Invalid Param: DDR3_RANKS ==> 1
MIG: 18:13:54 : 
MIG: 18:13:54 :  Valid Param: DDR3_ODT_WIDTH ==> 1
MIG: 18:13:54 : 
MIG: 18:13:54 :  Valid Param: DDR3_ROW_WIDTH ==> 14
MIG: 18:13:54 : 28
MIG: 18:13:54 :  Valid Param: DDR3_ADDR_WIDTH ==> 28
MIG: 18:13:54 : 
MIG: 18:13:54 :  Valid Param: DDR3_USE_CS_PORT ==> 1
MIG: 18:13:54 : 
MIG: 18:13:54 :  Valid Param: DDR3_USE_DM_PORT ==> 1
MIG: 18:13:54 : 
MIG: 18:13:54 :  Valid Param: DDR3_USE_ODT_PORT ==> 1
MIG: 18:13:54 :  Invalid Param: DDR3_IS_CLK_SHARED ==> "FALSE"
MIG: 18:13:54 :  Invalid Param: DDR3_PHY_CONTROL_MASTER_BANK ==> 0
MIG: 18:13:54 :  Invalid Param: DDR3_MEM_DENSITY ==> "2Gb"
MIG: 18:13:54 :  Invalid Param: DDR3_MEM_SPEEDGRADE ==> "15E"
MIG: 18:13:54 :  Invalid Param: DDR3_MEM_DEVICE_WIDTH ==> 16
MIG: 18:13:54 :  Invalid Param: DDR3_AL ==> "0"
MIG: 18:13:54 :  Invalid Param: DDR3_nAL ==> 0
MIG: 18:13:54 :  Invalid Param: DDR3_BURST_MODE ==> "8"
MIG: 18:13:54 :  Invalid Param: DDR3_BURST_TYPE ==> "SEQ"
MIG: 18:13:54 :  Invalid Param: DDR3_CL ==> 5
MIG: 18:13:54 :  Invalid Param: DDR3_CWL ==> 5
MIG: 18:13:54 :  Invalid Param: DDR3_OUTPUT_DRV ==> "LOW"
MIG: 18:13:54 :  Invalid Param: DDR3_RTT_NOM ==> "40"
MIG: 18:13:54 :  Invalid Param: DDR3_RTT_WR ==> "OFF"
MIG: 18:13:54 :  Invalid Param: DDR3_ADDR_CMD_MODE ==> "1T"
MIG: 18:13:54 : 
MIG: 18:13:54 :  Valid Param: DDR3_REG_CTRL ==> OFF
MIG: 18:13:54 :  Invalid Param: DDR3_CA_MIRROR ==> "OFF"
MIG: 18:13:54 :  Invalid Param: DDR3_VDD_OP_VOLT ==> "135"
MIG: 18:13:54 :  Invalid Param: DDR3_CLKIN_PERIOD ==> 6000
MIG: 18:13:54 :  Invalid Param: DDR3_CLKFBOUT_MULT ==> 8
MIG: 18:13:54 :  Invalid Param: DDR3_DIVCLK_DIVIDE ==> 1
MIG: 18:13:54 :  Invalid Param: DDR3_CLKOUT0_PHASE ==> 0.0
MIG: 18:13:54 :  Invalid Param: DDR3_CLKOUT0_DIVIDE ==> 2
MIG: 18:13:54 :  Invalid Param: DDR3_CLKOUT1_DIVIDE ==> 4
MIG: 18:13:54 :  Invalid Param: DDR3_CLKOUT2_DIVIDE ==> 64
MIG: 18:13:54 :  Invalid Param: DDR3_CLKOUT3_DIVIDE ==> 16
MIG: 18:13:54 :  Invalid Param: DDR3_MMCM_VCO ==> 666
MIG: 18:13:54 :  Invalid Param: DDR3_MMCM_MULT_F ==> 8
MIG: 18:13:54 :  Invalid Param: DDR3_MMCM_DIVCLK_DIVIDE ==> 1
MIG: 18:13:54 :  Invalid Param: DDR3_tCKE ==> 5625
MIG: 18:13:54 :  Invalid Param: DDR3_tFAW ==> 45000
MIG: 18:13:54 :  Invalid Param: DDR3_tPRDI ==> 1_000_000
MIG: 18:13:54 :  Invalid Param: DDR3_tRAS ==> 36000
MIG: 18:13:54 :  Invalid Param: DDR3_tRCD ==> 13500
MIG: 18:13:54 :  Invalid Param: DDR3_tREFI ==> 7800000
MIG: 18:13:54 :  Invalid Param: DDR3_tRFC ==> 160000
MIG: 18:13:54 :  Invalid Param: DDR3_tRP ==> 13500
MIG: 18:13:54 :  Invalid Param: DDR3_tRRD ==> 7500
MIG: 18:13:54 :  Invalid Param: DDR3_tRTP ==> 7500
MIG: 18:13:54 :  Invalid Param: DDR3_tWTR ==> 7500
MIG: 18:13:54 :  Invalid Param: DDR3_tZQI ==> 128_000_000
MIG: 18:13:54 :  Invalid Param: DDR3_tZQCS ==> 64
MIG: 18:13:54 :  Invalid Param: DDR3_SIM_BYPASS_INIT_CAL ==> "OFF"
MIG: 18:13:54 :  Invalid Param: DDR3_SIMULATION ==> "FALSE"
MIG: 18:13:54 :  Invalid Param: DDR3_BYTE_LANES_B0 ==> 4'b1111
MIG: 18:13:54 :  Invalid Param: DDR3_BYTE_LANES_B1 ==> 4'b0000
MIG: 18:13:54 :  Invalid Param: DDR3_BYTE_LANES_B2 ==> 4'b0000
MIG: 18:13:54 :  Invalid Param: DDR3_BYTE_LANES_B3 ==> 4'b0000
MIG: 18:13:54 :  Invalid Param: DDR3_BYTE_LANES_B4 ==> 4'b0000
MIG: 18:13:54 :  Invalid Param: DDR3_DATA_CTL_B0 ==> 4'b1100
MIG: 18:13:54 :  Invalid Param: DDR3_DATA_CTL_B1 ==> 4'b0000
MIG: 18:13:54 :  Invalid Param: DDR3_DATA_CTL_B2 ==> 4'b0000
MIG: 18:13:54 :  Invalid Param: DDR3_DATA_CTL_B3 ==> 4'b0000
MIG: 18:13:54 :  Invalid Param: DDR3_DATA_CTL_B4 ==> 4'b0000
MIG: 18:13:54 :  Invalid Param: DDR3_PHY_0_BITLANES ==> 48'h3FE_3FE_FFF_BFF
MIG: 18:13:54 :  Invalid Param: DDR3_PHY_1_BITLANES ==> 48'h000_000_000_000
MIG: 18:13:54 :  Invalid Param: DDR3_PHY_2_BITLANES ==> 48'h000_000_000_000
MIG: 18:13:54 :  Invalid Param: DDR3_CK_BYTE_MAP ==> 144'h00_00_00_00_00_00_00_00_00_00_00_00_00_00_00_00_00_00
MIG: 18:13:54 :  Invalid Param: DDR3_ADDR_MAP ==> 192'h000_000_000_002_004_009_007_001_005_006_003_010_012_014_011_01A
MIG: 18:13:54 :  Invalid Param: DDR3_BANK_MAP ==> 36'h01B_017_013
MIG: 18:13:54 :  Invalid Param: DDR3_CAS_MAP ==> 12'h015
MIG: 18:13:54 :  Invalid Param: DDR3_CKE_ODT_BYTE_MAP ==> 8'h00
MIG: 18:13:54 :  Invalid Param: DDR3_CKE_MAP ==> 96'h000_000_000_000_000_000_000_019
MIG: 18:13:54 :  Invalid Param: DDR3_ODT_MAP ==> 96'h000_000_000_000_000_000_000_008
MIG: 18:13:54 :  Invalid Param: DDR3_CS_MAP ==> 120'h000_000_000_000_000_000_000_000_000_00B
MIG: 18:13:54 :  Invalid Param: DDR3_PARITY_MAP ==> 12'h000
MIG: 18:13:54 :  Invalid Param: DDR3_RAS_MAP ==> 12'h016
MIG: 18:13:54 :  Invalid Param: DDR3_WE_MAP ==> 12'h018
MIG: 18:13:54 :  Invalid Param: DDR3_DQS_BYTE_MAP ==> 144'h00_00_00_00_00_00_00_00_00_00_00_00_00_00_00_00_02_03
MIG: 18:13:54 :  Invalid Param: DDR3_DATA0_MAP ==> 96'h034_032_038_035_031_037_036_033
MIG: 18:13:54 :  Invalid Param: DDR3_DATA1_MAP ==> 96'h023_026_022_028_025_027_021_024
MIG: 18:13:54 :  Invalid Param: DDR3_DATA2_MAP ==> 96'h000_000_000_000_000_000_000_000
MIG: 18:13:54 :  Invalid Param: DDR3_DATA3_MAP ==> 96'h000_000_000_000_000_000_000_000
MIG: 18:13:54 :  Invalid Param: DDR3_DATA4_MAP ==> 96'h000_000_000_000_000_000_000_000
MIG: 18:13:54 :  Invalid Param: DDR3_DATA5_MAP ==> 96'h000_000_000_000_000_000_000_000
MIG: 18:13:54 :  Invalid Param: DDR3_DATA6_MAP ==> 96'h000_000_000_000_000_000_000_000
MIG: 18:13:54 :  Invalid Param: DDR3_DATA7_MAP ==> 96'h000_000_000_000_000_000_000_000
MIG: 18:13:54 :  Invalid Param: DDR3_DATA8_MAP ==> 96'h000_000_000_000_000_000_000_000
MIG: 18:13:54 :  Invalid Param: DDR3_DATA9_MAP ==> 96'h000_000_000_000_000_000_000_000
MIG: 18:13:54 :  Invalid Param: DDR3_DATA10_MAP ==> 96'h000_000_000_000_000_000_000_000
MIG: 18:13:54 :  Invalid Param: DDR3_DATA11_MAP ==> 96'h000_000_000_000_000_000_000_000
MIG: 18:13:54 :  Invalid Param: DDR3_DATA12_MAP ==> 96'h000_000_000_000_000_000_000_000
MIG: 18:13:54 :  Invalid Param: DDR3_DATA13_MAP ==> 96'h000_000_000_000_000_000_000_000
MIG: 18:13:54 :  Invalid Param: DDR3_DATA14_MAP ==> 96'h000_000_000_000_000_000_000_000
MIG: 18:13:54 :  Invalid Param: DDR3_DATA15_MAP ==> 96'h000_000_000_000_000_000_000_000
MIG: 18:13:54 :  Invalid Param: DDR3_DATA16_MAP ==> 96'h000_000_000_000_000_000_000_000
MIG: 18:13:54 :  Invalid Param: DDR3_DATA17_MAP ==> 96'h000_000_000_000_000_000_000_000
MIG: 18:13:54 :  Invalid Param: DDR3_MASK0_MAP ==> 108'h000_000_000_000_000_000_000_029_039
MIG: 18:13:54 :  Invalid Param: DDR3_MASK1_MAP ==> 108'h000_000_000_000_000_000_000_000_000
MIG: 18:13:54 :  Invalid Param: DDR3_SLOT_0_CONFIG ==> 8'b0000_0001
MIG: 18:13:54 :  Invalid Param: DDR3_SLOT_1_CONFIG ==> 8'b0000_0000
MIG: 18:13:54 :  Invalid Param: DDR3_IBUF_LPWR_MODE ==> "OFF"
MIG: 18:13:54 :  Invalid Param: DDR3_DATA_IO_IDLE_PWRDWN ==> "ON"
MIG: 18:13:54 :  Invalid Param: DDR3_BANK_TYPE ==> "HR_IO"
MIG: 18:13:54 :  Invalid Param: DDR3_DATA_IO_PRIM_TYPE ==> "HR_LP"
MIG: 18:13:54 :  Invalid Param: DDR3_CKE_ODT_AUX ==> "FALSE"
MIG: 18:13:54 :  Invalid Param: DDR3_USER_REFRESH ==> "OFF"
MIG: 18:13:54 :  Invalid Param: DDR3_WRLVL ==> "ON"
MIG: 18:13:54 :  Invalid Param: DDR3_ORDERING ==> "NORM"
MIG: 18:13:54 :  Invalid Param: DDR3_CALIB_ROW_ADD ==> 16'h0000
MIG: 18:13:54 :  Invalid Param: DDR3_CALIB_COL_ADD ==> 12'h000
MIG: 18:13:54 :  Invalid Param: DDR3_CALIB_BA_ADD ==> 3'h0
MIG: 18:13:54 :  Invalid Param: DDR3_TCQ ==> 100
MIG: 18:13:54 :  Invalid Param: DDR3_IDELAY_ADJ ==> "OFF"
MIG: 18:13:54 :  Invalid Param: DDR3_FINE_PER_BIT ==> "OFF"
MIG: 18:13:54 :  Invalid Param: DDR3_CENTER_COMP_MODE ==> "OFF"
MIG: 18:13:54 :  Invalid Param: DDR3_PI_VAL_ADJ ==> "OFF"
MIG: 18:13:54 :  Invalid Param: DDR3_IODELAY_GRP0 ==> "SYSTEM_MIG_7SERIES_0_1_IODELAY_MIG0"
MIG: 18:13:54 :  Invalid Param: DDR3_IODELAY_GRP1 ==> "SYSTEM_MIG_7SERIES_0_1_IODELAY_MIG1"
MIG: 18:13:54 :  Invalid Param: DDR3_SYSCLK_TYPE ==> "NO_BUFFER"
MIG: 18:13:54 :  Invalid Param: DDR3_REFCLK_TYPE ==> "NO_BUFFER"
MIG: 18:13:54 :  Invalid Param: DDR3_SYS_RST_PORT ==> "FALSE"
MIG: 18:13:54 :  Invalid Param: DDR3_FPGA_SPEED_GRADE ==> 1
MIG: 18:13:54 :  Invalid Param: DDR3_CMD_PIPE_PLUS1 ==> "ON"
MIG: 18:13:54 :  Invalid Param: DDR3_DRAM_TYPE ==> "DDR3"
MIG: 18:13:54 :  Invalid Param: DDR3_CAL_WIDTH ==> "HALF"
MIG: 18:13:54 :  Invalid Param: DDR3_STARVE_LIMIT ==> 2
MIG: 18:13:54 :  Invalid Param: DDR3_REF_CLK_MMCM_IODELAY_CTRL ==> "FALSE"
MIG: 18:13:54 :  Invalid Param: DDR3_REFCLK_FREQ ==> 200.0
MIG: 18:13:54 :  Invalid Param: DDR3_DIFF_TERM_REFCLK ==> "TRUE"
MIG: 18:13:54 :  Invalid Param: DDR3_tCK ==> 3000
MIG: 18:13:54 : 4
MIG: 18:13:54 :  Valid Param: DDR3_nCK_PER_CLK ==> 4
MIG: 18:13:54 :  Invalid Param: DDR3_DIFF_TERM_SYSCLK ==> "TRUE"
MIG: 18:13:54 : 
MIG: 18:13:54 :  Valid Param: UI_EXTRA_CLOCKS ==> FALSE
MIG: 18:13:54 : 
MIG: 18:13:54 :  Valid Param: C_S_AXI_ID_WIDTH ==> 4
MIG: 18:13:54 : 268435456
MIG: 18:13:54 :  Valid Param: C_S_AXI_MEM_SIZE ==> 268435456
MIG: 18:13:54 : 28
MIG: 18:13:54 :  Valid Param: C_S_AXI_ADDR_WIDTH ==> 28
MIG: 18:13:54 : 128
MIG: 18:13:54 :  Valid Param: C_S_AXI_DATA_WIDTH ==> 128
MIG: 18:13:54 :  Invalid Param: DDR3_C_MC_nCK_PER_CLK ==> 4
MIG: 18:13:54 :  Invalid Param: C_S_AXI_SUPPORTS_NARROW_BURST ==> 0
MIG: 18:13:54 :  Invalid Param: DDR3_C_RD_WR_ARB_ALGORITHM ==> "RD_PRI_REG"
MIG: 18:13:54 :  Invalid Param: C_S_AXI_REG_EN0 ==> 20'h00000
MIG: 18:13:54 :  Invalid Param: C_S_AXI_REG_EN1 ==> 20'h00000
MIG: 18:13:54 : 
MIG: 18:13:54 :  Valid Param: C_S_AXI_CTRL_ADDR_WIDTH ==> 32
MIG: 18:13:54 : 
MIG: 18:13:54 :  Valid Param: C_S_AXI_CTRL_DATA_WIDTH ==> 32
MIG: 18:13:54 :  Invalid Param: C_S_AXI_BASEADDR ==> 32'h0000_0000
MIG: 18:13:54 :  Invalid Param: C_ECC_ONOFF_RESET_VALUE ==> 1
MIG: 18:13:54 :  Invalid Param: C_ECC_CE_COUNTER_WIDTH ==> 8
MIG: 18:13:54 : 
MIG: 18:13:54 :  Valid Param: DDR3_DEBUG_PORT ==> OFF
MIG: 18:13:54 : 
MIG: 18:13:54 :  Invalid Param: DDR3_TEMP_MON_CONTROL ==> "INTERNAL"
MIG: 18:13:54 :  Invalid Param: DDR3_FPGA_VOLT_TYPE ==> "N"
MIG: 18:13:54 :  Invalid Param: DDR3_RST_ACT_LOW ==> 1
MIG: 18:13:54 : NOBUF
MIG: 18:13:54 : NOBUF
MIG: 18:13:54 : 
MIG: 18:13:54 : Same Interface
MIG: 18:14:54 : xml_input_file: board.prj
MIG: 18:14:54 : Absolute path of xml_input_file: c:/Arty/MicroBlaze/MicroBlaze.srcs/sources_1/bd/system/ip/system_mig_7series_0_1/board.prj
MIG: 18:14:54 : In updateAllModelParams
MIG: 18:14:54 : IGN:     <ModuleName>design_1_mig_7series_0_0</ModuleName> <==>     <ModuleName>system_mig_7series_0_1</ModuleName> 
MIG: 18:14:54 : ERR:     <Version>2.3</Version> <==>     <Version>4.0</Version> 
MIG: 18:14:54 : ################# RUNNING MIG BATCH ###################
MIG: 18:14:54 : Writing IN file for 'system_mig_7series_0_1'...compDirPath: c:/Xilinx/Vivado/2017.1/data/ip/xilinx/mig_7series_v4_0... instDirPath: c:/Arty/MicroBlaze/MicroBlaze.srcs/sources_1/bd/system/ip/system_mig_7series_0_1
MIG: 18:14:54 : synp_flow:  -- synthesis_mode: Other
MIG: 18:14:54 : outputDirectory: c:/Arty/MicroBlaze/MicroBlaze.srcs/sources_1/bd/system/ip/system_mig_7series_0_1/_tmp/
MIG: 18:14:54 : vivado_mode: xpg_bd
MIG: 18:14:54 : isPortInterface: 0
MIG: 18:14:54 : isPortInterface: 0
MIG: 18:14:54 : isPortInterface: 0
MIG: 18:14:54 : isPortInterface: 0
MIG: 18:14:55 : isPortInterface: 0
MIG: 18:14:55 : isPortInterface: 0
MIG: 18:14:55 : isPortInterface: 0
MIG: 18:14:55 : isPortInterface: 0
MIG: 18:14:55 : isPortInterface: 0
MIG: 18:14:55 : isPortInterface: 0
MIG: 18:14:55 : isPortInterface: 0
MIG: 18:14:55 : isPortInterface: 0
MIG: 18:14:55 : isPortInterface: 0
MIG: 18:14:55 : isPortInterface: 0
MIG: 18:14:55 : isPortInterface: 0
MIG: 18:14:55 : isPortInterface: 0
MIG: 18:14:55 : isPortInterface: 0
MIG: 18:14:55 : isPortInterface: 0
MIG: 18:14:55 : isPortInterface: 0
MIG: 18:14:55 : isPortInterface: 0
MIG: 18:14:55 : isPortInterface: 0
MIG: 18:14:55 : isPortInterface: 0
MIG: 18:14:55 : isPortInterface: 0
MIG: 18:14:55 : isPortInterface: 0
MIG: 18:14:55 : isPortInterface: 0
MIG: 18:14:55 : isPortInterface: 0
MIG: 18:14:55 : isPortInterface: 0
MIG: 18:14:55 : isPortInterface: 0
MIG: 18:14:55 : isPortInterface: 0
MIG: 18:14:55 : isPortInterface: 0
MIG: 18:14:55 : isPortInterface: 0
MIG: 18:14:55 : isPortInterface: 0
MIG: 18:14:55 : isPortInterface: 0
MIG: 18:14:55 : isPortInterface: 0
MIG: 18:14:55 : isPortInterface: 0
MIG: 18:14:55 : isPortInterface: 0
MIG: 18:14:55 : isPortInterface: 0
MIG: 18:14:55 : isPortInterface: 0
MIG: 18:14:55 : isPortInterface: 0
MIG: 18:14:55 : isPortInterface: 0
MIG: 18:14:55 : isPortInterface: 0
MIG: 18:14:55 : isPortInterface: 0
MIG: 18:14:55 : isPortInterface: 0
MIG: 18:14:55 : isPortInterface: 0
MIG: 18:14:55 : isPortInterface: 0
MIG: 18:14:55 : isPortInterface: 0
MIG: 18:14:55 : isPortInterface: 0
MIG: 18:14:55 : isPortInterface: 0
MIG: 18:14:55 : isPortInterface: 0
MIG: 18:14:55 : isPortInterface: 0
MIG: 18:14:55 : isPortInterface: 0
MIG: 18:14:55 : isPortInterface: 0
MIG: 18:14:55 : isPortInterface: 0
MIG: 18:14:55 : isPortInterface: 0
MIG: 18:14:55 : isPortInterface: 0
MIG: 18:14:55 : isPortInterface: 0
MIG: 18:14:55 : isPortInterface: 0
MIG: 18:14:55 : isPortInterface: 0
MIG: 18:14:55 : isPortInterface: 0
MIG: 18:14:55 : isPortInterface: 0
MIG: 18:14:55 : isPortInterface: 0
MIG: 18:14:55 : isPortInterface: 0
MIG: 18:14:55 : isPortInterface: 0
MIG: 18:14:55 : isPortInterface: 0
MIG: 18:14:55 : isPortInterface: 0
MIG: 18:14:55 : isPortInterface: 0
MIG: 18:14:55 : isPortInterface: 0
MIG: 18:14:55 : isPortInterface: 0
MIG: 18:14:55 : isPortInterface: 0
MIG: 18:14:55 : isPortInterface: 0
MIG: 18:14:55 : isPortInterface: 0
MIG: 18:14:55 : isPortInterface: 0
MIG: 18:14:55 : isPortInterface: 0
MIG: 18:14:55 : isPortInterface: 0
MIG: 18:14:55 : isPortInterface: 0
MIG: 18:14:55 : isPortInterface: 0
MIG: 18:14:55 : isPortInterface: 0
MIG: 18:14:55 : isPortInterface: 0
MIG: 18:14:55 : isPortInterface: 0
MIG: 18:14:55 : isPortInterface: 0
MIG: 18:14:55 : isPortInterface: 0
MIG: 18:14:55 : isPortInterface: 0
MIG: 18:14:55 : isPortInterface: 0
MIG: 18:14:55 : isPortInterface: 0
MIG: 18:14:55 : isPortInterface: 0
MIG: 18:14:55 : isPortInterface: 0
MIG: 18:14:55 : isPortInterface: 0
MIG: 18:14:55 : isPortInterface: 0
MIG: 18:14:55 : isPortInterface: 0
MIG: 18:14:55 : isPortInterface: 0
MIG: 18:14:55 : isPortInterface: 0
MIG: 18:14:55 : isPortInterface: 0
MIG: 18:14:55 : isPortInterface: 0
MIG: 18:14:55 : isPortInterface: 0
MIG: 18:14:55 : isPortInterface: 0
MIG: 18:14:55 : isPortInterface: 0
MIG: 18:14:55 : isPortInterface: 0
MIG: 18:14:55 : isPortInterface: 0
MIG: 18:14:55 : isPortInterface: 0
MIG: 18:14:55 : isPortInterface: 0
MIG: 18:14:55 : isPortInterface: 0
MIG: 18:14:55 : isPortInterface: 0
MIG: 18:14:55 : isPortInterface: 0
MIG: 18:14:55 : isPortInterface: 0
MIG: 18:14:55 : isPortInterface: 0
MIG: 18:14:55 : isPortInterface: 0
MIG: 18:14:55 : isPortInterface: 0
MIG: 18:14:55 : isPortInterface: 0
MIG: 18:14:55 : isPortInterface: 0
MIG: 18:14:55 : isPortInterface: 0
MIG: 18:14:55 : isPortInterface: 0
MIG: 18:14:55 : isPortInterface: 0
MIG: 18:14:55 : isPortInterface: 0
MIG: 18:14:55 : isPortInterface: 0
MIG: 18:14:55 : isPortInterface: 0
MIG: 18:14:55 : isPortInterface: 0
MIG: 18:14:55 : isPortInterface: 0
MIG: 18:14:55 : isPortInterface: 0
MIG: 18:14:55 : isPortInterface: 0
MIG: 18:14:55 : isPortInterface: 0
MIG: 18:14:55 : isPortInterface: 0
MIG: 18:14:55 : isPortInterface: 0
MIG: 18:14:55 : isPortInterface: 0
MIG: 18:14:55 : isPortInterface: 1
MIG: 18:14:55 : isPortInterface: 0
MIG: 18:14:55 : isPortInterface: 0
MIG: 18:14:55 : isPortInterface: 0
MIG: 18:14:55 : isPortInterface: 0
MIG: 18:14:55 : isPortInterface: 0
MIG: 18:14:55 : isPortInterface: 0
MIG: 18:14:55 : isPortInterface: 0
MIG: 18:14:55 : isPortInterface: 0
MIG: 18:14:55 : isPortInterface: 0
MIG: 18:14:55 : isPortInterface: 0
MIG: 18:14:55 :  locked false  
MIG: 18:14:55 : HDL Language: Verilog
MIG: 18:14:55 : compInfo: true
MIG: 18:14:55 : Vivado Options xc7a35ti csg324 -1l
MIG: 18:14:55 : 1: xc7a35ti 2: csg324 3: -1l
MIG: 18:14:55 : relative mig path: coregen/ip/xilinx/other/com/xilinx/ip/mig_7series_v4_0/bin/nt64/mig.exe
MIG: 18:14:55 : xilinx_path: C:/Xilinx/Vivado/2017.1/ids_lite/ISE
MIG: 18:14:55 : I am in catch area
MIG: 18:14:55 : Running C:/Xilinx/Vivado/2017.1/ids_lite/ISE/coregen/ip/xilinx/other/com/xilinx/ip/mig_7series_v4_0/bin/nt64/mig.exe -cg_exc_inp c:/Arty/MicroBlaze/MicroBlaze.srcs/sources_1/bd/system/ip/system_mig_7series_0_1/xil_txt.in -cg_exc_out c:/Arty/MicroBlaze/MicroBlaze.srcs/sources_1/bd/system/ip/system_mig_7series_0_1/xil_txt.out ... 
MIG: 18:15:06 : XML_INPUT_FILE: c:/Arty/MicroBlaze/MicroBlaze.srcs/sources_1/bd/system/ip/system_mig_7series_0_1/board.prj
MIG: 18:15:06 : Component_Name: system_mig_7series_0_1
MIG: 18:15:06 : Moving system_mig_7series_0_1 ...
MIG: 18:15:06 : Moving system_mig_7series_0_1.veo ...
MIG: 18:15:06 : Moving system_mig_7series_0_1_xmdf.tcl ...
MIG: 18:15:06 : XGUI hdlLanguage: Verilog
MIG: 18:15:06 : xgui vivado_mode: xpg_bd
MIG: 18:15:06 : xgui hdlLanguage: Verilog -- hdlExt: v
MIG: 18:15:06 : Reading C:/Arty/MicroBlaze/MicroBlaze.srcs/sources_1/bd/system/ip/system_mig_7series_0_1/system_mig_7series_0_1/user_design/rtl/system_mig_7series_0_1_mig.v ...
MIG: 18:15:08 : 
MIG: 18:15:08 : Inside fn mem: DDR3
MIG: 18:15:08 : detect_uiclk: 83333333
MIG: 18:15:08 : cntrl:  memtype: DDR3
MIG: 18:15:08 : 
MIG: 18:15:08 :  MMCM_VCO single ctrl param_name: MMCM_VCO --  possibleMaxVcoVal: 666 
MIG: 18:15:08 : 
MIG: 18:15:08 : 
MIG: 18:15:08 : 
MIG: 18:15:08 : 
MIG: 18:15:08 :  polarity_value: 1
MIG: 18:15:08 : 
MIG: 18:15:08 : 
MIG: 18:15:08 : cntrl:  memtype: DDR3
MIG: 18:15:08 : 
MIG: 18:15:08 :  Valid Param: DDR3_BANK_WIDTH ==> 3
MIG: 18:15:08 : 
MIG: 18:15:08 :  Valid Param: DDR3_CK_WIDTH ==> 1
MIG: 18:15:08 :  Invalid Param: DDR3_COL_WIDTH ==> 10
MIG: 18:15:08 : 
MIG: 18:15:08 :  Valid Param: DDR3_CS_WIDTH ==> 1
MIG: 18:15:08 : 
MIG: 18:15:08 :  Valid Param: DDR3_nCS_PER_RANK ==> 1
MIG: 18:15:08 : 
MIG: 18:15:08 :  Valid Param: DDR3_CKE_WIDTH ==> 1
MIG: 18:15:08 :  Invalid Param: DDR3_DATA_BUF_ADDR_WIDTH ==> 5
MIG: 18:15:08 :  Invalid Param: DDR3_DQ_CNT_WIDTH ==> 4
MIG: 18:15:08 :  Invalid Param: DDR3_DQ_PER_DM ==> 8
MIG: 18:15:08 : 
MIG: 18:15:08 :  Valid Param: DDR3_DM_WIDTH ==> 2
MIG: 18:15:08 : 
MIG: 18:15:08 :  Valid Param: DDR3_DQ_WIDTH ==> 16
MIG: 18:15:08 : 
MIG: 18:15:08 :  Valid Param: DDR3_DQS_WIDTH ==> 2
MIG: 18:15:08 : 
MIG: 18:15:08 :  Valid Param: DDR3_DQS_CNT_WIDTH ==> 1
MIG: 18:15:08 :  Invalid Param: DDR3_DRAM_WIDTH ==> 8
MIG: 18:15:08 : 
MIG: 18:15:08 :  Valid Param: ECC ==> OFF
MIG: 18:15:08 : 
MIG: 18:15:08 :  Valid Param: DDR3_DATA_WIDTH ==> 16
MIG: 18:15:08 :  Invalid Param: ECC_TEST ==> "OFF"
MIG: 18:15:08 :  Invalid Param: DDR3_PAYLOAD_WIDTH ==> (ECC_TEST == "OFF") ? DATA_WIDTH : DQ_WIDTH
MIG: 18:15:08 :  Invalid Param: DDR3_MEM_ADDR_ORDER ==> "BANK_ROW_COLUMN"
MIG: 18:15:08 :  Invalid Param: DDR3_nBANK_MACHS ==> 4
MIG: 18:15:08 :  Invalid Param: DDR3_RANKS ==> 1
MIG: 18:15:08 : 
MIG: 18:15:08 :  Valid Param: DDR3_ODT_WIDTH ==> 1
MIG: 18:15:08 : 
MIG: 18:15:08 :  Valid Param: DDR3_ROW_WIDTH ==> 14
MIG: 18:15:08 : 
MIG: 18:15:08 :  Valid Param: DDR3_ADDR_WIDTH ==> 28
MIG: 18:15:08 : 
MIG: 18:15:08 :  Valid Param: DDR3_USE_CS_PORT ==> 1
MIG: 18:15:08 : 
MIG: 18:15:08 :  Valid Param: DDR3_USE_DM_PORT ==> 1
MIG: 18:15:09 : 
MIG: 18:15:09 :  Valid Param: DDR3_USE_ODT_PORT ==> 1
MIG: 18:15:09 :  Invalid Param: DDR3_IS_CLK_SHARED ==> "FALSE"
MIG: 18:15:09 :  Invalid Param: DDR3_PHY_CONTROL_MASTER_BANK ==> 0
MIG: 18:15:09 :  Invalid Param: DDR3_MEM_DENSITY ==> "2Gb"
MIG: 18:15:09 :  Invalid Param: DDR3_MEM_SPEEDGRADE ==> "15E"
MIG: 18:15:09 :  Invalid Param: DDR3_MEM_DEVICE_WIDTH ==> 16
MIG: 18:15:09 :  Invalid Param: DDR3_AL ==> "0"
MIG: 18:15:09 :  Invalid Param: DDR3_nAL ==> 0
MIG: 18:15:09 :  Invalid Param: DDR3_BURST_MODE ==> "8"
MIG: 18:15:09 :  Invalid Param: DDR3_BURST_TYPE ==> "SEQ"
MIG: 18:15:09 :  Invalid Param: DDR3_CL ==> 5
MIG: 18:15:09 :  Invalid Param: DDR3_CWL ==> 5
MIG: 18:15:09 :  Invalid Param: DDR3_OUTPUT_DRV ==> "LOW"
MIG: 18:15:09 :  Invalid Param: DDR3_RTT_NOM ==> "40"
MIG: 18:15:09 :  Invalid Param: DDR3_RTT_WR ==> "OFF"
MIG: 18:15:09 :  Invalid Param: DDR3_ADDR_CMD_MODE ==> "1T"
MIG: 18:15:09 : 
MIG: 18:15:09 :  Valid Param: DDR3_REG_CTRL ==> OFF
MIG: 18:15:09 :  Invalid Param: DDR3_CA_MIRROR ==> "OFF"
MIG: 18:15:09 :  Invalid Param: DDR3_VDD_OP_VOLT ==> "135"
MIG: 18:15:09 :  Invalid Param: DDR3_CLKIN_PERIOD ==> 6000
MIG: 18:15:09 :  Invalid Param: DDR3_CLKFBOUT_MULT ==> 8
MIG: 18:15:09 :  Invalid Param: DDR3_DIVCLK_DIVIDE ==> 1
MIG: 18:15:09 :  Invalid Param: DDR3_CLKOUT0_PHASE ==> 0.0
MIG: 18:15:09 :  Invalid Param: DDR3_CLKOUT0_DIVIDE ==> 2
MIG: 18:15:09 :  Invalid Param: DDR3_CLKOUT1_DIVIDE ==> 4
MIG: 18:15:09 :  Invalid Param: DDR3_CLKOUT2_DIVIDE ==> 64
MIG: 18:15:09 :  Invalid Param: DDR3_CLKOUT3_DIVIDE ==> 16
MIG: 18:15:09 :  Invalid Param: DDR3_MMCM_VCO ==> 666
MIG: 18:15:09 :  Invalid Param: DDR3_MMCM_MULT_F ==> 8
MIG: 18:15:09 :  Invalid Param: DDR3_MMCM_DIVCLK_DIVIDE ==> 1
MIG: 18:15:09 :  Invalid Param: DDR3_tCKE ==> 5625
MIG: 18:15:09 :  Invalid Param: DDR3_tFAW ==> 45000
MIG: 18:15:09 :  Invalid Param: DDR3_tPRDI ==> 1_000_000
MIG: 18:15:09 :  Invalid Param: DDR3_tRAS ==> 36000
MIG: 18:15:09 :  Invalid Param: DDR3_tRCD ==> 13500
MIG: 18:15:09 :  Invalid Param: DDR3_tREFI ==> 7800000
MIG: 18:15:09 :  Invalid Param: DDR3_tRFC ==> 160000
MIG: 18:15:09 :  Invalid Param: DDR3_tRP ==> 13500
MIG: 18:15:09 :  Invalid Param: DDR3_tRRD ==> 7500
MIG: 18:15:09 :  Invalid Param: DDR3_tRTP ==> 7500
MIG: 18:15:09 :  Invalid Param: DDR3_tWTR ==> 7500
MIG: 18:15:09 :  Invalid Param: DDR3_tZQI ==> 128_000_000
MIG: 18:15:09 :  Invalid Param: DDR3_tZQCS ==> 64
MIG: 18:15:09 :  Invalid Param: DDR3_SIM_BYPASS_INIT_CAL ==> "OFF"
MIG: 18:15:09 :  Invalid Param: DDR3_SIMULATION ==> "FALSE"
MIG: 18:15:09 :  Invalid Param: DDR3_BYTE_LANES_B0 ==> 4'b1111
MIG: 18:15:09 :  Invalid Param: DDR3_BYTE_LANES_B1 ==> 4'b0000
MIG: 18:15:09 :  Invalid Param: DDR3_BYTE_LANES_B2 ==> 4'b0000
MIG: 18:15:09 :  Invalid Param: DDR3_BYTE_LANES_B3 ==> 4'b0000
MIG: 18:15:09 :  Invalid Param: DDR3_BYTE_LANES_B4 ==> 4'b0000
MIG: 18:15:09 :  Invalid Param: DDR3_DATA_CTL_B0 ==> 4'b1100
MIG: 18:15:09 :  Invalid Param: DDR3_DATA_CTL_B1 ==> 4'b0000
MIG: 18:15:09 :  Invalid Param: DDR3_DATA_CTL_B2 ==> 4'b0000
MIG: 18:15:09 :  Invalid Param: DDR3_DATA_CTL_B3 ==> 4'b0000
MIG: 18:15:09 :  Invalid Param: DDR3_DATA_CTL_B4 ==> 4'b0000
MIG: 18:15:09 :  Invalid Param: DDR3_PHY_0_BITLANES ==> 48'h3FE_3FE_FFF_BFF
MIG: 18:15:09 :  Invalid Param: DDR3_PHY_1_BITLANES ==> 48'h000_000_000_000
MIG: 18:15:09 :  Invalid Param: DDR3_PHY_2_BITLANES ==> 48'h000_000_000_000
MIG: 18:15:09 :  Invalid Param: DDR3_CK_BYTE_MAP ==> 144'h00_00_00_00_00_00_00_00_00_00_00_00_00_00_00_00_00_00
MIG: 18:15:09 :  Invalid Param: DDR3_ADDR_MAP ==> 192'h000_000_000_002_004_009_007_001_005_006_003_010_012_014_011_01A
MIG: 18:15:09 :  Invalid Param: DDR3_BANK_MAP ==> 36'h01B_017_013
MIG: 18:15:09 :  Invalid Param: DDR3_CAS_MAP ==> 12'h015
MIG: 18:15:09 :  Invalid Param: DDR3_CKE_ODT_BYTE_MAP ==> 8'h00
MIG: 18:15:09 :  Invalid Param: DDR3_CKE_MAP ==> 96'h000_000_000_000_000_000_000_019
MIG: 18:15:09 :  Invalid Param: DDR3_ODT_MAP ==> 96'h000_000_000_000_000_000_000_008
MIG: 18:15:09 :  Invalid Param: DDR3_CS_MAP ==> 120'h000_000_000_000_000_000_000_000_000_00B
MIG: 18:15:09 :  Invalid Param: DDR3_PARITY_MAP ==> 12'h000
MIG: 18:15:09 :  Invalid Param: DDR3_RAS_MAP ==> 12'h016
MIG: 18:15:09 :  Invalid Param: DDR3_WE_MAP ==> 12'h018
MIG: 18:15:09 :  Invalid Param: DDR3_DQS_BYTE_MAP ==> 144'h00_00_00_00_00_00_00_00_00_00_00_00_00_00_00_00_02_03
MIG: 18:15:09 :  Invalid Param: DDR3_DATA0_MAP ==> 96'h034_032_038_035_031_037_036_033
MIG: 18:15:09 :  Invalid Param: DDR3_DATA1_MAP ==> 96'h023_026_022_028_025_027_021_024
MIG: 18:15:09 :  Invalid Param: DDR3_DATA2_MAP ==> 96'h000_000_000_000_000_000_000_000
MIG: 18:15:09 :  Invalid Param: DDR3_DATA3_MAP ==> 96'h000_000_000_000_000_000_000_000
MIG: 18:15:09 :  Invalid Param: DDR3_DATA4_MAP ==> 96'h000_000_000_000_000_000_000_000
MIG: 18:15:09 :  Invalid Param: DDR3_DATA5_MAP ==> 96'h000_000_000_000_000_000_000_000
MIG: 18:15:09 :  Invalid Param: DDR3_DATA6_MAP ==> 96'h000_000_000_000_000_000_000_000
MIG: 18:15:09 :  Invalid Param: DDR3_DATA7_MAP ==> 96'h000_000_000_000_000_000_000_000
MIG: 18:15:09 :  Invalid Param: DDR3_DATA8_MAP ==> 96'h000_000_000_000_000_000_000_000
MIG: 18:15:09 :  Invalid Param: DDR3_DATA9_MAP ==> 96'h000_000_000_000_000_000_000_000
MIG: 18:15:09 :  Invalid Param: DDR3_DATA10_MAP ==> 96'h000_000_000_000_000_000_000_000
MIG: 18:15:09 :  Invalid Param: DDR3_DATA11_MAP ==> 96'h000_000_000_000_000_000_000_000
MIG: 18:15:09 :  Invalid Param: DDR3_DATA12_MAP ==> 96'h000_000_000_000_000_000_000_000
MIG: 18:15:09 :  Invalid Param: DDR3_DATA13_MAP ==> 96'h000_000_000_000_000_000_000_000
MIG: 18:15:09 :  Invalid Param: DDR3_DATA14_MAP ==> 96'h000_000_000_000_000_000_000_000
MIG: 18:15:09 :  Invalid Param: DDR3_DATA15_MAP ==> 96'h000_000_000_000_000_000_000_000
MIG: 18:15:09 :  Invalid Param: DDR3_DATA16_MAP ==> 96'h000_000_000_000_000_000_000_000
MIG: 18:15:09 :  Invalid Param: DDR3_DATA17_MAP ==> 96'h000_000_000_000_000_000_000_000
MIG: 18:15:09 :  Invalid Param: DDR3_MASK0_MAP ==> 108'h000_000_000_000_000_000_000_029_039
MIG: 18:15:09 :  Invalid Param: DDR3_MASK1_MAP ==> 108'h000_000_000_000_000_000_000_000_000
MIG: 18:15:09 :  Invalid Param: DDR3_SLOT_0_CONFIG ==> 8'b0000_0001
MIG: 18:15:09 :  Invalid Param: DDR3_SLOT_1_CONFIG ==> 8'b0000_0000
MIG: 18:15:09 :  Invalid Param: DDR3_IBUF_LPWR_MODE ==> "OFF"
MIG: 18:15:09 :  Invalid Param: DDR3_DATA_IO_IDLE_PWRDWN ==> "ON"
MIG: 18:15:09 :  Invalid Param: DDR3_BANK_TYPE ==> "HR_IO"
MIG: 18:15:09 :  Invalid Param: DDR3_DATA_IO_PRIM_TYPE ==> "HR_LP"
MIG: 18:15:09 :  Invalid Param: DDR3_CKE_ODT_AUX ==> "FALSE"
MIG: 18:15:09 :  Invalid Param: DDR3_USER_REFRESH ==> "OFF"
MIG: 18:15:09 :  Invalid Param: DDR3_WRLVL ==> "ON"
MIG: 18:15:09 :  Invalid Param: DDR3_ORDERING ==> "NORM"
MIG: 18:15:09 :  Invalid Param: DDR3_CALIB_ROW_ADD ==> 16'h0000
MIG: 18:15:09 :  Invalid Param: DDR3_CALIB_COL_ADD ==> 12'h000
MIG: 18:15:09 :  Invalid Param: DDR3_CALIB_BA_ADD ==> 3'h0
MIG: 18:15:09 :  Invalid Param: DDR3_TCQ ==> 100
MIG: 18:15:09 :  Invalid Param: DDR3_IDELAY_ADJ ==> "OFF"
MIG: 18:15:09 :  Invalid Param: DDR3_FINE_PER_BIT ==> "OFF"
MIG: 18:15:09 :  Invalid Param: DDR3_CENTER_COMP_MODE ==> "OFF"
MIG: 18:15:09 :  Invalid Param: DDR3_PI_VAL_ADJ ==> "OFF"
MIG: 18:15:09 :  Invalid Param: DDR3_IODELAY_GRP0 ==> "SYSTEM_MIG_7SERIES_0_1_IODELAY_MIG0"
MIG: 18:15:09 :  Invalid Param: DDR3_IODELAY_GRP1 ==> "SYSTEM_MIG_7SERIES_0_1_IODELAY_MIG1"
MIG: 18:15:09 :  Invalid Param: DDR3_SYSCLK_TYPE ==> "NO_BUFFER"
MIG: 18:15:09 :  Invalid Param: DDR3_REFCLK_TYPE ==> "NO_BUFFER"
MIG: 18:15:09 :  Invalid Param: DDR3_SYS_RST_PORT ==> "FALSE"
MIG: 18:15:09 :  Invalid Param: DDR3_FPGA_SPEED_GRADE ==> 1
MIG: 18:15:09 :  Invalid Param: DDR3_CMD_PIPE_PLUS1 ==> "ON"
MIG: 18:15:09 :  Invalid Param: DDR3_DRAM_TYPE ==> "DDR3"
MIG: 18:15:09 :  Invalid Param: DDR3_CAL_WIDTH ==> "HALF"
MIG: 18:15:09 :  Invalid Param: DDR3_STARVE_LIMIT ==> 2
MIG: 18:15:09 :  Invalid Param: DDR3_REF_CLK_MMCM_IODELAY_CTRL ==> "FALSE"
MIG: 18:15:09 :  Invalid Param: DDR3_REFCLK_FREQ ==> 200.0
MIG: 18:15:09 :  Invalid Param: DDR3_DIFF_TERM_REFCLK ==> "TRUE"
MIG: 18:15:09 :  Invalid Param: DDR3_tCK ==> 3000
MIG: 18:15:09 : 
MIG: 18:15:09 :  Valid Param: DDR3_nCK_PER_CLK ==> 4
MIG: 18:15:09 :  Invalid Param: DDR3_DIFF_TERM_SYSCLK ==> "TRUE"
MIG: 18:15:09 : 
MIG: 18:15:09 :  Valid Param: UI_EXTRA_CLOCKS ==> FALSE
MIG: 18:15:09 : 
MIG: 18:15:09 :  Valid Param: C_S_AXI_ID_WIDTH ==> 4
MIG: 18:15:09 : 
MIG: 18:15:09 :  Valid Param: C_S_AXI_MEM_SIZE ==> 268435456
MIG: 18:15:09 : 
MIG: 18:15:09 :  Valid Param: C_S_AXI_ADDR_WIDTH ==> 28
MIG: 18:15:09 : 
MIG: 18:15:09 :  Valid Param: C_S_AXI_DATA_WIDTH ==> 128
MIG: 18:15:09 :  Invalid Param: DDR3_C_MC_nCK_PER_CLK ==> 4
MIG: 18:15:09 :  Invalid Param: C_S_AXI_SUPPORTS_NARROW_BURST ==> 0
MIG: 18:15:09 :  Invalid Param: DDR3_C_RD_WR_ARB_ALGORITHM ==> "RD_PRI_REG"
MIG: 18:15:09 :  Invalid Param: C_S_AXI_REG_EN0 ==> 20'h00000
MIG: 18:15:09 :  Invalid Param: C_S_AXI_REG_EN1 ==> 20'h00000
MIG: 18:15:09 : 
MIG: 18:15:09 :  Valid Param: C_S_AXI_CTRL_ADDR_WIDTH ==> 32
MIG: 18:15:09 : 
MIG: 18:15:09 :  Valid Param: C_S_AXI_CTRL_DATA_WIDTH ==> 32
MIG: 18:15:09 :  Invalid Param: C_S_AXI_BASEADDR ==> 32'h0000_0000
MIG: 18:15:09 :  Invalid Param: C_ECC_ONOFF_RESET_VALUE ==> 1
MIG: 18:15:09 :  Invalid Param: C_ECC_CE_COUNTER_WIDTH ==> 8
MIG: 18:15:09 : 
MIG: 18:15:09 :  Valid Param: DDR3_DEBUG_PORT ==> OFF
MIG: 18:15:09 : 
MIG: 18:15:09 :  Invalid Param: DDR3_TEMP_MON_CONTROL ==> "INTERNAL"
MIG: 18:15:09 :  Invalid Param: DDR3_FPGA_VOLT_TYPE ==> "N"
MIG: 18:15:09 :  Invalid Param: DDR3_RST_ACT_LOW ==> 1
MIG: 18:15:09 : 
MIG: 18:15:09 : 
MIG: 18:15:09 : 
MIG: 18:15:09 : Same Interface
MIG: 18:18:51 : Running synthesis.xit
MIG: 18:18:51 : IGN:     <ModuleName>design_1_mig_7series_0_0</ModuleName> <==>     <ModuleName>system_mig_7series_0_1</ModuleName> 
MIG: 18:18:51 : ERR:     <Version>2.3</Version> <==>     <Version>4.0</Version> 
MIG: 18:18:51 : ################# RUNNING MIG BATCH ###################
MIG: 18:18:51 : Writing IN file for 'system_mig_7series_0_1'...compDirPath: c:/Xilinx/Vivado/2017.1/data/ip/xilinx/mig_7series_v4_0... instDirPath: c:/Arty/MicroBlaze/MicroBlaze.srcs/sources_1/bd/system/ip/system_mig_7series_0_1
MIG: 18:18:51 : synp_flow:  -- synthesis_mode: Other
MIG: 18:18:51 : outputDirectory: c:/Arty/MicroBlaze/MicroBlaze.srcs/sources_1/bd/system/ip/system_mig_7series_0_1/_tmp/
MIG: 18:18:51 : vivado_mode: xpg_bd
MIG: 18:18:51 : isPortInterface: 0
MIG: 18:18:51 : isPortInterface: 0
MIG: 18:18:51 : isPortInterface: 0
MIG: 18:18:51 : isPortInterface: 0
MIG: 18:18:51 : isPortInterface: 0
MIG: 18:18:51 : isPortInterface: 0
MIG: 18:18:51 : isPortInterface: 0
MIG: 18:18:51 : isPortInterface: 0
MIG: 18:18:51 : isPortInterface: 0
MIG: 18:18:51 : isPortInterface: 0
MIG: 18:18:51 : isPortInterface: 0
MIG: 18:18:51 : isPortInterface: 0
MIG: 18:18:51 : isPortInterface: 0
MIG: 18:18:51 : isPortInterface: 0
MIG: 18:18:51 : isPortInterface: 0
MIG: 18:18:51 : isPortInterface: 0
MIG: 18:18:51 : isPortInterface: 0
MIG: 18:18:51 : isPortInterface: 0
MIG: 18:18:51 : isPortInterface: 0
MIG: 18:18:51 : isPortInterface: 0
MIG: 18:18:51 : isPortInterface: 0
MIG: 18:18:51 : isPortInterface: 0
MIG: 18:18:51 : isPortInterface: 0
MIG: 18:18:51 : isPortInterface: 0
MIG: 18:18:51 : isPortInterface: 0
MIG: 18:18:51 : isPortInterface: 0
MIG: 18:18:51 : isPortInterface: 0
MIG: 18:18:51 : isPortInterface: 0
MIG: 18:18:51 : isPortInterface: 0
MIG: 18:18:51 : isPortInterface: 0
MIG: 18:18:51 : isPortInterface: 0
MIG: 18:18:51 : isPortInterface: 0
MIG: 18:18:51 : isPortInterface: 0
MIG: 18:18:51 : isPortInterface: 0
MIG: 18:18:51 : isPortInterface: 0
MIG: 18:18:51 : isPortInterface: 0
MIG: 18:18:51 : isPortInterface: 0
MIG: 18:18:51 : isPortInterface: 0
MIG: 18:18:51 : isPortInterface: 0
MIG: 18:18:51 : isPortInterface: 0
MIG: 18:18:51 : isPortInterface: 0
MIG: 18:18:51 : isPortInterface: 0
MIG: 18:18:51 : isPortInterface: 0
MIG: 18:18:51 : isPortInterface: 0
MIG: 18:18:51 : isPortInterface: 0
MIG: 18:18:51 : isPortInterface: 0
MIG: 18:18:51 : isPortInterface: 0
MIG: 18:18:51 : isPortInterface: 0
MIG: 18:18:51 : isPortInterface: 0
MIG: 18:18:51 : isPortInterface: 0
MIG: 18:18:51 : isPortInterface: 0
MIG: 18:18:51 : isPortInterface: 0
MIG: 18:18:51 : isPortInterface: 0
MIG: 18:18:51 : isPortInterface: 0
MIG: 18:18:51 : isPortInterface: 0
MIG: 18:18:51 : isPortInterface: 0
MIG: 18:18:51 : isPortInterface: 0
MIG: 18:18:51 : isPortInterface: 0
MIG: 18:18:51 : isPortInterface: 0
MIG: 18:18:51 : isPortInterface: 0
MIG: 18:18:51 : isPortInterface: 0
MIG: 18:18:51 : isPortInterface: 0
MIG: 18:18:51 : isPortInterface: 0
MIG: 18:18:51 : isPortInterface: 0
MIG: 18:18:51 : isPortInterface: 0
MIG: 18:18:51 : isPortInterface: 0
MIG: 18:18:51 : isPortInterface: 0
MIG: 18:18:51 : isPortInterface: 0
MIG: 18:18:51 : isPortInterface: 0
MIG: 18:18:51 : isPortInterface: 0
MIG: 18:18:51 : isPortInterface: 0
MIG: 18:18:51 : isPortInterface: 0
MIG: 18:18:51 : isPortInterface: 0
MIG: 18:18:51 : isPortInterface: 0
MIG: 18:18:51 : isPortInterface: 0
MIG: 18:18:51 : isPortInterface: 0
MIG: 18:18:51 : isPortInterface: 0
MIG: 18:18:52 : isPortInterface: 0
MIG: 18:18:52 : isPortInterface: 0
MIG: 18:18:52 : isPortInterface: 0
MIG: 18:18:52 : isPortInterface: 0
MIG: 18:18:52 : isPortInterface: 0
MIG: 18:18:52 : isPortInterface: 0
MIG: 18:18:52 : isPortInterface: 0
MIG: 18:18:52 : isPortInterface: 0
MIG: 18:18:52 : isPortInterface: 0
MIG: 18:18:52 : isPortInterface: 0
MIG: 18:18:52 : isPortInterface: 0
MIG: 18:18:52 : isPortInterface: 0
MIG: 18:18:52 : isPortInterface: 0
MIG: 18:18:52 : isPortInterface: 0
MIG: 18:18:52 : isPortInterface: 0
MIG: 18:18:52 : isPortInterface: 0
MIG: 18:18:52 : isPortInterface: 0
MIG: 18:18:52 : isPortInterface: 0
MIG: 18:18:52 : isPortInterface: 0
MIG: 18:18:52 : isPortInterface: 0
MIG: 18:18:52 : isPortInterface: 0
MIG: 18:18:52 : isPortInterface: 0
MIG: 18:18:52 : isPortInterface: 0
MIG: 18:18:52 : isPortInterface: 0
MIG: 18:18:52 : isPortInterface: 0
MIG: 18:18:52 : isPortInterface: 0
MIG: 18:18:52 : isPortInterface: 0
MIG: 18:18:52 : isPortInterface: 0
MIG: 18:18:52 : isPortInterface: 0
MIG: 18:18:52 : isPortInterface: 0
MIG: 18:18:52 : isPortInterface: 0
MIG: 18:18:52 : isPortInterface: 0
MIG: 18:18:52 : isPortInterface: 0
MIG: 18:18:52 : isPortInterface: 0
MIG: 18:18:52 : isPortInterface: 0
MIG: 18:18:52 : isPortInterface: 0
MIG: 18:18:52 : isPortInterface: 0
MIG: 18:18:52 : isPortInterface: 0
MIG: 18:18:52 : isPortInterface: 0
MIG: 18:18:52 : isPortInterface: 0
MIG: 18:18:52 : isPortInterface: 0
MIG: 18:18:52 : isPortInterface: 0
MIG: 18:18:52 : isPortInterface: 0
MIG: 18:18:52 : isPortInterface: 0
MIG: 18:18:52 : isPortInterface: 0
MIG: 18:18:52 : isPortInterface: 0
MIG: 18:18:52 : isPortInterface: 1
MIG: 18:18:52 : isPortInterface: 0
MIG: 18:18:52 : isPortInterface: 0
MIG: 18:18:52 : isPortInterface: 0
MIG: 18:18:52 : isPortInterface: 0
MIG: 18:18:52 : isPortInterface: 0
MIG: 18:18:52 : isPortInterface: 0
MIG: 18:18:52 : isPortInterface: 0
MIG: 18:18:52 : isPortInterface: 0
MIG: 18:18:52 : isPortInterface: 0
MIG: 18:18:52 : isPortInterface: 0
MIG: 18:18:52 :  locked false  
MIG: 18:18:52 : HDL Language: Verilog
MIG: 18:18:52 : compInfo: false
MIG: 18:18:52 : Vivado Options xc7a35ti csg324 -1l
MIG: 18:18:52 : 1: xc7a35ti 2: csg324 3: -1l
MIG: 18:18:52 : relative mig path: coregen/ip/xilinx/other/com/xilinx/ip/mig_7series_v4_0/bin/nt64/mig.exe
MIG: 18:18:52 : xilinx_path: C:/Xilinx/Vivado/2017.1/ids_lite/ISE
MIG: 18:18:52 : I am in catch area
MIG: 18:18:52 : Running C:/Xilinx/Vivado/2017.1/ids_lite/ISE/coregen/ip/xilinx/other/com/xilinx/ip/mig_7series_v4_0/bin/nt64/mig.exe -cg_exc_inp c:/Arty/MicroBlaze/MicroBlaze.srcs/sources_1/bd/system/ip/system_mig_7series_0_1/xil_txt.in -cg_exc_out c:/Arty/MicroBlaze/MicroBlaze.srcs/sources_1/bd/system/ip/system_mig_7series_0_1/xil_txt.out ... 
MIG: 18:19:03 : XML_INPUT_FILE: c:/Arty/MicroBlaze/MicroBlaze.srcs/sources_1/bd/system/ip/system_mig_7series_0_1/board.prj
MIG: 18:19:03 : Component_Name: system_mig_7series_0_1
MIG: 18:19:03 : Moving system_mig_7series_0_1 ...
MIG: 18:19:03 : Moving system_mig_7series_0_1.veo ...
MIG: 18:19:03 : Moving system_mig_7series_0_1_xmdf.tcl ...
MIG: 18:19:03 : Running vlog_synth_rpr.xit
MIG: 18:19:04 : IGN:     <ModuleName>design_1_mig_7series_0_0</ModuleName> <==>     <ModuleName>system_mig_7series_0_1</ModuleName> 
MIG: 18:19:04 : ERR:     <Version>2.3</Version> <==>     <Version>4.0</Version> 
MIG: 18:19:04 : ################# RUNNING MIG BATCH ###################
MIG: 18:19:04 : Writing IN file for 'system_mig_7series_0_1'...compDirPath: c:/Xilinx/Vivado/2017.1/data/ip/xilinx/mig_7series_v4_0... instDirPath: c:/Arty/MicroBlaze/MicroBlaze.srcs/sources_1/bd/system/ip/system_mig_7series_0_1
MIG: 18:19:04 : synp_flow:  -- synthesis_mode: Other
MIG: 18:19:04 : outputDirectory: c:/Arty/MicroBlaze/MicroBlaze.srcs/sources_1/bd/system/ip/system_mig_7series_0_1/_tmp/
MIG: 18:19:04 : vivado_mode: xpg_bd
MIG: 18:19:04 : isPortInterface: 0
MIG: 18:19:04 : isPortInterface: 0
MIG: 18:19:04 : isPortInterface: 0
MIG: 18:19:04 : isPortInterface: 0
MIG: 18:19:04 : isPortInterface: 0
MIG: 18:19:04 : isPortInterface: 0
MIG: 18:19:04 : isPortInterface: 0
MIG: 18:19:04 : isPortInterface: 0
MIG: 18:19:04 : isPortInterface: 0
MIG: 18:19:04 : isPortInterface: 0
MIG: 18:19:04 : isPortInterface: 0
MIG: 18:19:04 : isPortInterface: 0
MIG: 18:19:04 : isPortInterface: 0
MIG: 18:19:04 : isPortInterface: 0
MIG: 18:19:04 : isPortInterface: 0
MIG: 18:19:04 : isPortInterface: 0
MIG: 18:19:04 : isPortInterface: 0
MIG: 18:19:04 : isPortInterface: 0
MIG: 18:19:04 : isPortInterface: 0
MIG: 18:19:04 : isPortInterface: 0
MIG: 18:19:04 : isPortInterface: 0
MIG: 18:19:04 : isPortInterface: 0
MIG: 18:19:04 : isPortInterface: 0
MIG: 18:19:04 : isPortInterface: 0
MIG: 18:19:04 : isPortInterface: 0
MIG: 18:19:04 : isPortInterface: 0
MIG: 18:19:04 : isPortInterface: 0
MIG: 18:19:04 : isPortInterface: 0
MIG: 18:19:04 : isPortInterface: 0
MIG: 18:19:04 : isPortInterface: 0
MIG: 18:19:04 : isPortInterface: 0
MIG: 18:19:04 : isPortInterface: 0
MIG: 18:19:04 : isPortInterface: 0
MIG: 18:19:04 : isPortInterface: 0
MIG: 18:19:04 : isPortInterface: 0
MIG: 18:19:04 : isPortInterface: 0
MIG: 18:19:04 : isPortInterface: 0
MIG: 18:19:04 : isPortInterface: 0
MIG: 18:19:04 : isPortInterface: 0
MIG: 18:19:04 : isPortInterface: 0
MIG: 18:19:04 : isPortInterface: 0
MIG: 18:19:04 : isPortInterface: 0
MIG: 18:19:04 : isPortInterface: 0
MIG: 18:19:04 : isPortInterface: 0
MIG: 18:19:04 : isPortInterface: 0
MIG: 18:19:04 : isPortInterface: 0
MIG: 18:19:04 : isPortInterface: 0
MIG: 18:19:04 : isPortInterface: 0
MIG: 18:19:04 : isPortInterface: 0
MIG: 18:19:04 : isPortInterface: 0
MIG: 18:19:04 : isPortInterface: 0
MIG: 18:19:04 : isPortInterface: 0
MIG: 18:19:04 : isPortInterface: 0
MIG: 18:19:04 : isPortInterface: 0
MIG: 18:19:04 : isPortInterface: 0
MIG: 18:19:04 : isPortInterface: 0
MIG: 18:19:04 : isPortInterface: 0
MIG: 18:19:04 : isPortInterface: 0
MIG: 18:19:04 : isPortInterface: 0
MIG: 18:19:04 : isPortInterface: 0
MIG: 18:19:04 : isPortInterface: 0
MIG: 18:19:04 : isPortInterface: 0
MIG: 18:19:04 : isPortInterface: 0
MIG: 18:19:04 : isPortInterface: 0
MIG: 18:19:04 : isPortInterface: 0
MIG: 18:19:04 : isPortInterface: 0
MIG: 18:19:04 : isPortInterface: 0
MIG: 18:19:04 : isPortInterface: 0
MIG: 18:19:04 : isPortInterface: 0
MIG: 18:19:04 : isPortInterface: 0
MIG: 18:19:04 : isPortInterface: 0
MIG: 18:19:04 : isPortInterface: 0
MIG: 18:19:04 : isPortInterface: 0
MIG: 18:19:04 : isPortInterface: 0
MIG: 18:19:04 : isPortInterface: 0
MIG: 18:19:04 : isPortInterface: 0
MIG: 18:19:04 : isPortInterface: 0
MIG: 18:19:04 : isPortInterface: 0
MIG: 18:19:04 : isPortInterface: 0
MIG: 18:19:04 : isPortInterface: 0
MIG: 18:19:04 : isPortInterface: 0
MIG: 18:19:04 : isPortInterface: 0
MIG: 18:19:04 : isPortInterface: 0
MIG: 18:19:04 : isPortInterface: 0
MIG: 18:19:04 : isPortInterface: 0
MIG: 18:19:04 : isPortInterface: 0
MIG: 18:19:04 : isPortInterface: 0
MIG: 18:19:04 : isPortInterface: 0
MIG: 18:19:04 : isPortInterface: 0
MIG: 18:19:04 : isPortInterface: 0
MIG: 18:19:04 : isPortInterface: 0
MIG: 18:19:04 : isPortInterface: 0
MIG: 18:19:04 : isPortInterface: 0
MIG: 18:19:04 : isPortInterface: 0
MIG: 18:19:04 : isPortInterface: 0
MIG: 18:19:04 : isPortInterface: 0
MIG: 18:19:04 : isPortInterface: 0
MIG: 18:19:04 : isPortInterface: 0
MIG: 18:19:04 : isPortInterface: 0
MIG: 18:19:04 : isPortInterface: 0
MIG: 18:19:04 : isPortInterface: 0
MIG: 18:19:04 : isPortInterface: 0
MIG: 18:19:04 : isPortInterface: 0
MIG: 18:19:04 : isPortInterface: 0
MIG: 18:19:04 : isPortInterface: 0
MIG: 18:19:04 : isPortInterface: 0
MIG: 18:19:04 : isPortInterface: 0
MIG: 18:19:04 : isPortInterface: 0
MIG: 18:19:04 : isPortInterface: 0
MIG: 18:19:04 : isPortInterface: 0
MIG: 18:19:04 : isPortInterface: 0
MIG: 18:19:04 : isPortInterface: 0
MIG: 18:19:04 : isPortInterface: 0
MIG: 18:19:04 : isPortInterface: 0
MIG: 18:19:04 : isPortInterface: 0
MIG: 18:19:04 : isPortInterface: 0
MIG: 18:19:04 : isPortInterface: 0
MIG: 18:19:04 : isPortInterface: 0
MIG: 18:19:04 : isPortInterface: 0
MIG: 18:19:04 : isPortInterface: 0
MIG: 18:19:04 : isPortInterface: 0
MIG: 18:19:04 : isPortInterface: 0
MIG: 18:19:04 : isPortInterface: 0
MIG: 18:19:04 : isPortInterface: 1
MIG: 18:19:04 : isPortInterface: 0
MIG: 18:19:04 : isPortInterface: 0
MIG: 18:19:04 : isPortInterface: 0
MIG: 18:19:04 : isPortInterface: 0
MIG: 18:19:04 : isPortInterface: 0
MIG: 18:19:04 : isPortInterface: 0
MIG: 18:19:04 : isPortInterface: 0
MIG: 18:19:04 : isPortInterface: 0
MIG: 18:19:04 : isPortInterface: 0
MIG: 18:19:04 : isPortInterface: 0
MIG: 18:19:04 :  locked false  
MIG: 18:19:04 : HDL Language: Verilog
MIG: 18:19:04 : compInfo: false
MIG: 18:19:04 : Vivado Options xc7a35ti csg324 -1l
MIG: 18:19:04 : 1: xc7a35ti 2: csg324 3: -1l
MIG: 18:19:04 : relative mig path: coregen/ip/xilinx/other/com/xilinx/ip/mig_7series_v4_0/bin/nt64/mig.exe
MIG: 18:19:04 : xilinx_path: C:/Xilinx/Vivado/2017.1/ids_lite/ISE
MIG: 18:19:04 : I am in catch area
MIG: 18:19:04 : Running C:/Xilinx/Vivado/2017.1/ids_lite/ISE/coregen/ip/xilinx/other/com/xilinx/ip/mig_7series_v4_0/bin/nt64/mig.exe -cg_exc_inp c:/Arty/MicroBlaze/MicroBlaze.srcs/sources_1/bd/system/ip/system_mig_7series_0_1/xil_txt.in -cg_exc_out c:/Arty/MicroBlaze/MicroBlaze.srcs/sources_1/bd/system/ip/system_mig_7series_0_1/xil_txt.out ... 
MIG: 18:19:15 : XML_INPUT_FILE: c:/Arty/MicroBlaze/MicroBlaze.srcs/sources_1/bd/system/ip/system_mig_7series_0_1/board.prj
MIG: 18:19:15 : Component_Name: system_mig_7series_0_1
MIG: 18:19:15 : Moving system_mig_7series_0_1 ...
MIG: 18:19:15 : Moving system_mig_7series_0_1.veo ...
MIG: 18:19:15 : Moving system_mig_7series_0_1_xmdf.tcl ...
MIG: 18:19:16 : Running simulation.xit
MIG: 18:19:16 : IGN:     <ModuleName>design_1_mig_7series_0_0</ModuleName> <==>     <ModuleName>system_mig_7series_0_1</ModuleName> 
MIG: 18:19:16 : ERR:     <Version>2.3</Version> <==>     <Version>4.0</Version> 
MIG: 18:19:16 : ################# RUNNING MIG BATCH ###################
MIG: 18:19:16 : Writing IN file for 'system_mig_7series_0_1'...compDirPath: c:/Xilinx/Vivado/2017.1/data/ip/xilinx/mig_7series_v4_0... instDirPath: c:/Arty/MicroBlaze/MicroBlaze.srcs/sources_1/bd/system/ip/system_mig_7series_0_1
MIG: 18:19:16 : synp_flow:  -- synthesis_mode: Other
MIG: 18:19:16 : outputDirectory: c:/Arty/MicroBlaze/MicroBlaze.srcs/sources_1/bd/system/ip/system_mig_7series_0_1/_tmp/
MIG: 18:19:16 : vivado_mode: xpg_bd
MIG: 18:19:16 : isPortInterface: 0
MIG: 18:19:16 : isPortInterface: 0
MIG: 18:19:16 : isPortInterface: 0
MIG: 18:19:16 : isPortInterface: 0
MIG: 18:19:16 : isPortInterface: 0
MIG: 18:19:16 : isPortInterface: 0
MIG: 18:19:16 : isPortInterface: 0
MIG: 18:19:16 : isPortInterface: 0
MIG: 18:19:16 : isPortInterface: 0
MIG: 18:19:16 : isPortInterface: 0
MIG: 18:19:16 : isPortInterface: 0
MIG: 18:19:16 : isPortInterface: 0
MIG: 18:19:16 : isPortInterface: 0
MIG: 18:19:16 : isPortInterface: 0
MIG: 18:19:16 : isPortInterface: 0
MIG: 18:19:16 : isPortInterface: 0
MIG: 18:19:16 : isPortInterface: 0
MIG: 18:19:16 : isPortInterface: 0
MIG: 18:19:16 : isPortInterface: 0
MIG: 18:19:16 : isPortInterface: 0
MIG: 18:19:16 : isPortInterface: 0
MIG: 18:19:16 : isPortInterface: 0
MIG: 18:19:16 : isPortInterface: 0
MIG: 18:19:16 : isPortInterface: 0
MIG: 18:19:16 : isPortInterface: 0
MIG: 18:19:16 : isPortInterface: 0
MIG: 18:19:16 : isPortInterface: 0
MIG: 18:19:16 : isPortInterface: 0
MIG: 18:19:16 : isPortInterface: 0
MIG: 18:19:16 : isPortInterface: 0
MIG: 18:19:16 : isPortInterface: 0
MIG: 18:19:16 : isPortInterface: 0
MIG: 18:19:16 : isPortInterface: 0
MIG: 18:19:16 : isPortInterface: 0
MIG: 18:19:16 : isPortInterface: 0
MIG: 18:19:16 : isPortInterface: 0
MIG: 18:19:16 : isPortInterface: 0
MIG: 18:19:16 : isPortInterface: 0
MIG: 18:19:16 : isPortInterface: 0
MIG: 18:19:16 : isPortInterface: 0
MIG: 18:19:16 : isPortInterface: 0
MIG: 18:19:16 : isPortInterface: 0
MIG: 18:19:16 : isPortInterface: 0
MIG: 18:19:16 : isPortInterface: 0
MIG: 18:19:16 : isPortInterface: 0
MIG: 18:19:16 : isPortInterface: 0
MIG: 18:19:16 : isPortInterface: 0
MIG: 18:19:16 : isPortInterface: 0
MIG: 18:19:16 : isPortInterface: 0
MIG: 18:19:16 : isPortInterface: 0
MIG: 18:19:16 : isPortInterface: 0
MIG: 18:19:16 : isPortInterface: 0
MIG: 18:19:16 : isPortInterface: 0
MIG: 18:19:16 : isPortInterface: 0
MIG: 18:19:16 : isPortInterface: 0
MIG: 18:19:16 : isPortInterface: 0
MIG: 18:19:16 : isPortInterface: 0
MIG: 18:19:16 : isPortInterface: 0
MIG: 18:19:16 : isPortInterface: 0
MIG: 18:19:16 : isPortInterface: 0
MIG: 18:19:16 : isPortInterface: 0
MIG: 18:19:16 : isPortInterface: 0
MIG: 18:19:16 : isPortInterface: 0
MIG: 18:19:16 : isPortInterface: 0
MIG: 18:19:16 : isPortInterface: 0
MIG: 18:19:16 : isPortInterface: 0
MIG: 18:19:16 : isPortInterface: 0
MIG: 18:19:16 : isPortInterface: 0
MIG: 18:19:16 : isPortInterface: 0
MIG: 18:19:16 : isPortInterface: 0
MIG: 18:19:16 : isPortInterface: 0
MIG: 18:19:16 : isPortInterface: 0
MIG: 18:19:16 : isPortInterface: 0
MIG: 18:19:16 : isPortInterface: 0
MIG: 18:19:16 : isPortInterface: 0
MIG: 18:19:16 : isPortInterface: 0
MIG: 18:19:16 : isPortInterface: 0
MIG: 18:19:16 : isPortInterface: 0
MIG: 18:19:16 : isPortInterface: 0
MIG: 18:19:16 : isPortInterface: 0
MIG: 18:19:16 : isPortInterface: 0
MIG: 18:19:16 : isPortInterface: 0
MIG: 18:19:16 : isPortInterface: 0
MIG: 18:19:16 : isPortInterface: 0
MIG: 18:19:16 : isPortInterface: 0
MIG: 18:19:16 : isPortInterface: 0
MIG: 18:19:16 : isPortInterface: 0
MIG: 18:19:16 : isPortInterface: 0
MIG: 18:19:16 : isPortInterface: 0
MIG: 18:19:16 : isPortInterface: 0
MIG: 18:19:16 : isPortInterface: 0
MIG: 18:19:16 : isPortInterface: 0
MIG: 18:19:16 : isPortInterface: 0
MIG: 18:19:16 : isPortInterface: 0
MIG: 18:19:16 : isPortInterface: 0
MIG: 18:19:16 : isPortInterface: 0
MIG: 18:19:16 : isPortInterface: 0
MIG: 18:19:16 : isPortInterface: 0
MIG: 18:19:16 : isPortInterface: 0
MIG: 18:19:16 : isPortInterface: 0
MIG: 18:19:16 : isPortInterface: 0
MIG: 18:19:16 : isPortInterface: 0
MIG: 18:19:16 : isPortInterface: 0
MIG: 18:19:16 : isPortInterface: 0
MIG: 18:19:16 : isPortInterface: 0
MIG: 18:19:16 : isPortInterface: 0
MIG: 18:19:16 : isPortInterface: 0
MIG: 18:19:16 : isPortInterface: 0
MIG: 18:19:16 : isPortInterface: 0
MIG: 18:19:16 : isPortInterface: 0
MIG: 18:19:16 : isPortInterface: 0
MIG: 18:19:16 : isPortInterface: 0
MIG: 18:19:16 : isPortInterface: 0
MIG: 18:19:16 : isPortInterface: 0
MIG: 18:19:16 : isPortInterface: 0
MIG: 18:19:16 : isPortInterface: 0
MIG: 18:19:16 : isPortInterface: 0
MIG: 18:19:16 : isPortInterface: 0
MIG: 18:19:16 : isPortInterface: 0
MIG: 18:19:16 : isPortInterface: 0
MIG: 18:19:16 : isPortInterface: 0
MIG: 18:19:16 : isPortInterface: 0
MIG: 18:19:16 : isPortInterface: 0
MIG: 18:19:16 : isPortInterface: 1
MIG: 18:19:16 : isPortInterface: 0
MIG: 18:19:16 : isPortInterface: 0
MIG: 18:19:16 : isPortInterface: 0
MIG: 18:19:16 : isPortInterface: 0
MIG: 18:19:16 : isPortInterface: 0
MIG: 18:19:16 : isPortInterface: 0
MIG: 18:19:16 : isPortInterface: 0
MIG: 18:19:16 : isPortInterface: 0
MIG: 18:19:16 : isPortInterface: 0
MIG: 18:19:16 : isPortInterface: 0
MIG: 18:19:16 :  locked false  
MIG: 18:19:16 : HDL Language: Verilog
MIG: 18:19:16 : compInfo: false
MIG: 18:19:16 : Vivado Options xc7a35ti csg324 -1l
MIG: 18:19:16 : 1: xc7a35ti 2: csg324 3: -1l
MIG: 18:19:16 : relative mig path: coregen/ip/xilinx/other/com/xilinx/ip/mig_7series_v4_0/bin/nt64/mig.exe
MIG: 18:19:16 : xilinx_path: C:/Xilinx/Vivado/2017.1/ids_lite/ISE
MIG: 18:19:16 : I am in catch area
MIG: 18:19:16 : Running C:/Xilinx/Vivado/2017.1/ids_lite/ISE/coregen/ip/xilinx/other/com/xilinx/ip/mig_7series_v4_0/bin/nt64/mig.exe -cg_exc_inp c:/Arty/MicroBlaze/MicroBlaze.srcs/sources_1/bd/system/ip/system_mig_7series_0_1/xil_txt.in -cg_exc_out c:/Arty/MicroBlaze/MicroBlaze.srcs/sources_1/bd/system/ip/system_mig_7series_0_1/xil_txt.out ... 
MIG: 18:19:28 : XML_INPUT_FILE: c:/Arty/MicroBlaze/MicroBlaze.srcs/sources_1/bd/system/ip/system_mig_7series_0_1/board.prj
MIG: 18:19:28 : Component_Name: system_mig_7series_0_1
MIG: 18:19:28 : Moving system_mig_7series_0_1 ...
MIG: 18:19:28 : Moving system_mig_7series_0_1.veo ...
MIG: 18:19:28 : Moving system_mig_7series_0_1_xmdf.tcl ...
MIG: 18:19:28 : Running vlog_sim_rpr.xit .. PRASAD DBG1
MIG: 18:19:28 : IGN:     <ModuleName>design_1_mig_7series_0_0</ModuleName> <==>     <ModuleName>system_mig_7series_0_1</ModuleName> 
MIG: 18:19:28 : ERR:     <Version>2.3</Version> <==>     <Version>4.0</Version> 
MIG: 18:19:28 : ################# RUNNING MIG BATCH ###################
MIG: 18:19:28 : Writing IN file for 'system_mig_7series_0_1'...compDirPath: c:/Xilinx/Vivado/2017.1/data/ip/xilinx/mig_7series_v4_0... instDirPath: c:/Arty/MicroBlaze/MicroBlaze.srcs/sources_1/bd/system/ip/system_mig_7series_0_1
MIG: 18:19:28 : synp_flow:  -- synthesis_mode: Other
MIG: 18:19:28 : outputDirectory: c:/Arty/MicroBlaze/MicroBlaze.srcs/sources_1/bd/system/ip/system_mig_7series_0_1/_tmp/
MIG: 18:19:28 : vivado_mode: xpg_bd
MIG: 18:19:28 : isPortInterface: 0
MIG: 18:19:28 : isPortInterface: 0
MIG: 18:19:28 : isPortInterface: 0
MIG: 18:19:28 : isPortInterface: 0
MIG: 18:19:28 : isPortInterface: 0
MIG: 18:19:28 : isPortInterface: 0
MIG: 18:19:28 : isPortInterface: 0
MIG: 18:19:28 : isPortInterface: 0
MIG: 18:19:28 : isPortInterface: 0
MIG: 18:19:28 : isPortInterface: 0
MIG: 18:19:28 : isPortInterface: 0
MIG: 18:19:28 : isPortInterface: 0
MIG: 18:19:28 : isPortInterface: 0
MIG: 18:19:28 : isPortInterface: 0
MIG: 18:19:28 : isPortInterface: 0
MIG: 18:19:28 : isPortInterface: 0
MIG: 18:19:28 : isPortInterface: 0
MIG: 18:19:28 : isPortInterface: 0
MIG: 18:19:28 : isPortInterface: 0
MIG: 18:19:28 : isPortInterface: 0
MIG: 18:19:28 : isPortInterface: 0
MIG: 18:19:28 : isPortInterface: 0
MIG: 18:19:28 : isPortInterface: 0
MIG: 18:19:28 : isPortInterface: 0
MIG: 18:19:28 : isPortInterface: 0
MIG: 18:19:28 : isPortInterface: 0
MIG: 18:19:28 : isPortInterface: 0
MIG: 18:19:28 : isPortInterface: 0
MIG: 18:19:28 : isPortInterface: 0
MIG: 18:19:28 : isPortInterface: 0
MIG: 18:19:28 : isPortInterface: 0
MIG: 18:19:28 : isPortInterface: 0
MIG: 18:19:28 : isPortInterface: 0
MIG: 18:19:28 : isPortInterface: 0
MIG: 18:19:28 : isPortInterface: 0
MIG: 18:19:28 : isPortInterface: 0
MIG: 18:19:28 : isPortInterface: 0
MIG: 18:19:28 : isPortInterface: 0
MIG: 18:19:28 : isPortInterface: 0
MIG: 18:19:28 : isPortInterface: 0
MIG: 18:19:28 : isPortInterface: 0
MIG: 18:19:28 : isPortInterface: 0
MIG: 18:19:28 : isPortInterface: 0
MIG: 18:19:28 : isPortInterface: 0
MIG: 18:19:28 : isPortInterface: 0
MIG: 18:19:28 : isPortInterface: 0
MIG: 18:19:28 : isPortInterface: 0
MIG: 18:19:28 : isPortInterface: 0
MIG: 18:19:28 : isPortInterface: 0
MIG: 18:19:28 : isPortInterface: 0
MIG: 18:19:28 : isPortInterface: 0
MIG: 18:19:28 : isPortInterface: 0
MIG: 18:19:28 : isPortInterface: 0
MIG: 18:19:28 : isPortInterface: 0
MIG: 18:19:28 : isPortInterface: 0
MIG: 18:19:28 : isPortInterface: 0
MIG: 18:19:28 : isPortInterface: 0
MIG: 18:19:28 : isPortInterface: 0
MIG: 18:19:28 : isPortInterface: 0
MIG: 18:19:28 : isPortInterface: 0
MIG: 18:19:28 : isPortInterface: 0
MIG: 18:19:28 : isPortInterface: 0
MIG: 18:19:28 : isPortInterface: 0
MIG: 18:19:28 : isPortInterface: 0
MIG: 18:19:28 : isPortInterface: 0
MIG: 18:19:29 : isPortInterface: 0
MIG: 18:19:29 : isPortInterface: 0
MIG: 18:19:29 : isPortInterface: 0
MIG: 18:19:29 : isPortInterface: 0
MIG: 18:19:29 : isPortInterface: 0
MIG: 18:19:29 : isPortInterface: 0
MIG: 18:19:29 : isPortInterface: 0
MIG: 18:19:29 : isPortInterface: 0
MIG: 18:19:29 : isPortInterface: 0
MIG: 18:19:29 : isPortInterface: 0
MIG: 18:19:29 : isPortInterface: 0
MIG: 18:19:29 : isPortInterface: 0
MIG: 18:19:29 : isPortInterface: 0
MIG: 18:19:29 : isPortInterface: 0
MIG: 18:19:29 : isPortInterface: 0
MIG: 18:19:29 : isPortInterface: 0
MIG: 18:19:29 : isPortInterface: 0
MIG: 18:19:29 : isPortInterface: 0
MIG: 18:19:29 : isPortInterface: 0
MIG: 18:19:29 : isPortInterface: 0
MIG: 18:19:29 : isPortInterface: 0
MIG: 18:19:29 : isPortInterface: 0
MIG: 18:19:29 : isPortInterface: 0
MIG: 18:19:29 : isPortInterface: 0
MIG: 18:19:29 : isPortInterface: 0
MIG: 18:19:29 : isPortInterface: 0
MIG: 18:19:29 : isPortInterface: 0
MIG: 18:19:29 : isPortInterface: 0
MIG: 18:19:29 : isPortInterface: 0
MIG: 18:19:29 : isPortInterface: 0
MIG: 18:19:29 : isPortInterface: 0
MIG: 18:19:29 : isPortInterface: 0
MIG: 18:19:29 : isPortInterface: 0
MIG: 18:19:29 : isPortInterface: 0
MIG: 18:19:29 : isPortInterface: 0
MIG: 18:19:29 : isPortInterface: 0
MIG: 18:19:29 : isPortInterface: 0
MIG: 18:19:29 : isPortInterface: 0
MIG: 18:19:29 : isPortInterface: 0
MIG: 18:19:29 : isPortInterface: 0
MIG: 18:19:29 : isPortInterface: 0
MIG: 18:19:29 : isPortInterface: 0
MIG: 18:19:29 : isPortInterface: 0
MIG: 18:19:29 : isPortInterface: 0
MIG: 18:19:29 : isPortInterface: 0
MIG: 18:19:29 : isPortInterface: 0
MIG: 18:19:29 : isPortInterface: 0
MIG: 18:19:29 : isPortInterface: 0
MIG: 18:19:29 : isPortInterface: 0
MIG: 18:19:29 : isPortInterface: 0
MIG: 18:19:29 : isPortInterface: 0
MIG: 18:19:29 : isPortInterface: 0
MIG: 18:19:29 : isPortInterface: 0
MIG: 18:19:29 : isPortInterface: 0
MIG: 18:19:29 : isPortInterface: 0
MIG: 18:19:29 : isPortInterface: 0
MIG: 18:19:29 : isPortInterface: 0
MIG: 18:19:29 : isPortInterface: 0
MIG: 18:19:29 : isPortInterface: 1
MIG: 18:19:29 : isPortInterface: 0
MIG: 18:19:29 : isPortInterface: 0
MIG: 18:19:29 : isPortInterface: 0
MIG: 18:19:29 : isPortInterface: 0
MIG: 18:19:29 : isPortInterface: 0
MIG: 18:19:29 : isPortInterface: 0
MIG: 18:19:29 : isPortInterface: 0
MIG: 18:19:29 : isPortInterface: 0
MIG: 18:19:29 : isPortInterface: 0
MIG: 18:19:29 : isPortInterface: 0
MIG: 18:19:29 :  locked false  
MIG: 18:19:29 : HDL Language: Verilog
MIG: 18:19:29 : compInfo: false
MIG: 18:19:29 : Vivado Options xc7a35ti csg324 -1l
MIG: 18:19:29 : 1: xc7a35ti 2: csg324 3: -1l
MIG: 18:19:29 : relative mig path: coregen/ip/xilinx/other/com/xilinx/ip/mig_7series_v4_0/bin/nt64/mig.exe
MIG: 18:19:29 : xilinx_path: C:/Xilinx/Vivado/2017.1/ids_lite/ISE
MIG: 18:19:29 : I am in catch area
MIG: 18:19:29 : Running C:/Xilinx/Vivado/2017.1/ids_lite/ISE/coregen/ip/xilinx/other/com/xilinx/ip/mig_7series_v4_0/bin/nt64/mig.exe -cg_exc_inp c:/Arty/MicroBlaze/MicroBlaze.srcs/sources_1/bd/system/ip/system_mig_7series_0_1/xil_txt.in -cg_exc_out c:/Arty/MicroBlaze/MicroBlaze.srcs/sources_1/bd/system/ip/system_mig_7series_0_1/xil_txt.out ... 
MIG: 18:19:40 : XML_INPUT_FILE: c:/Arty/MicroBlaze/MicroBlaze.srcs/sources_1/bd/system/ip/system_mig_7series_0_1/board.prj
MIG: 18:19:40 : Component_Name: system_mig_7series_0_1
MIG: 18:19:40 : Moving system_mig_7series_0_1 ...
MIG: 18:19:40 : Moving system_mig_7series_0_1.veo ...
MIG: 18:19:40 : Moving system_mig_7series_0_1_xmdf.tcl ...
MIG: 18:19:40 : Running implementation.xit
MIG: 18:19:40 : IGN:     <ModuleName>design_1_mig_7series_0_0</ModuleName> <==>     <ModuleName>system_mig_7series_0_1</ModuleName> 
MIG: 18:19:40 : ERR:     <Version>2.3</Version> <==>     <Version>4.0</Version> 
MIG: 18:19:40 : ################# RUNNING MIG BATCH ###################
MIG: 18:19:40 : Writing IN file for 'system_mig_7series_0_1'...compDirPath: c:/Xilinx/Vivado/2017.1/data/ip/xilinx/mig_7series_v4_0... instDirPath: c:/Arty/MicroBlaze/MicroBlaze.srcs/sources_1/bd/system/ip/system_mig_7series_0_1
MIG: 18:19:40 : synp_flow:  -- synthesis_mode: Other
MIG: 18:19:40 : outputDirectory: c:/Arty/MicroBlaze/MicroBlaze.srcs/sources_1/bd/system/ip/system_mig_7series_0_1/_tmp/
MIG: 18:19:40 : vivado_mode: xpg_bd
MIG: 18:19:40 : isPortInterface: 0
MIG: 18:19:40 : isPortInterface: 0
MIG: 18:19:40 : isPortInterface: 0
MIG: 18:19:40 : isPortInterface: 0
MIG: 18:19:40 : isPortInterface: 0
MIG: 18:19:40 : isPortInterface: 0
MIG: 18:19:40 : isPortInterface: 0
MIG: 18:19:40 : isPortInterface: 0
MIG: 18:19:40 : isPortInterface: 0
MIG: 18:19:40 : isPortInterface: 0
MIG: 18:19:40 : isPortInterface: 0
MIG: 18:19:40 : isPortInterface: 0
MIG: 18:19:40 : isPortInterface: 0
MIG: 18:19:40 : isPortInterface: 0
MIG: 18:19:40 : isPortInterface: 0
MIG: 18:19:41 : isPortInterface: 0
MIG: 18:19:41 : isPortInterface: 0
MIG: 18:19:41 : isPortInterface: 0
MIG: 18:19:41 : isPortInterface: 0
MIG: 18:19:41 : isPortInterface: 0
MIG: 18:19:41 : isPortInterface: 0
MIG: 18:19:41 : isPortInterface: 0
MIG: 18:19:41 : isPortInterface: 0
MIG: 18:19:41 : isPortInterface: 0
MIG: 18:19:41 : isPortInterface: 0
MIG: 18:19:41 : isPortInterface: 0
MIG: 18:19:41 : isPortInterface: 0
MIG: 18:19:41 : isPortInterface: 0
MIG: 18:19:41 : isPortInterface: 0
MIG: 18:19:41 : isPortInterface: 0
MIG: 18:19:41 : isPortInterface: 0
MIG: 18:19:41 : isPortInterface: 0
MIG: 18:19:41 : isPortInterface: 0
MIG: 18:19:41 : isPortInterface: 0
MIG: 18:19:41 : isPortInterface: 0
MIG: 18:19:41 : isPortInterface: 0
MIG: 18:19:41 : isPortInterface: 0
MIG: 18:19:41 : isPortInterface: 0
MIG: 18:19:41 : isPortInterface: 0
MIG: 18:19:41 : isPortInterface: 0
MIG: 18:19:41 : isPortInterface: 0
MIG: 18:19:41 : isPortInterface: 0
MIG: 18:19:41 : isPortInterface: 0
MIG: 18:19:41 : isPortInterface: 0
MIG: 18:19:41 : isPortInterface: 0
MIG: 18:19:41 : isPortInterface: 0
MIG: 18:19:41 : isPortInterface: 0
MIG: 18:19:41 : isPortInterface: 0
MIG: 18:19:41 : isPortInterface: 0
MIG: 18:19:41 : isPortInterface: 0
MIG: 18:19:41 : isPortInterface: 0
MIG: 18:19:41 : isPortInterface: 0
MIG: 18:19:41 : isPortInterface: 0
MIG: 18:19:41 : isPortInterface: 0
MIG: 18:19:41 : isPortInterface: 0
MIG: 18:19:41 : isPortInterface: 0
MIG: 18:19:41 : isPortInterface: 0
MIG: 18:19:41 : isPortInterface: 0
MIG: 18:19:41 : isPortInterface: 0
MIG: 18:19:41 : isPortInterface: 0
MIG: 18:19:41 : isPortInterface: 0
MIG: 18:19:41 : isPortInterface: 0
MIG: 18:19:41 : isPortInterface: 0
MIG: 18:19:41 : isPortInterface: 0
MIG: 18:19:41 : isPortInterface: 0
MIG: 18:19:41 : isPortInterface: 0
MIG: 18:19:41 : isPortInterface: 0
MIG: 18:19:41 : isPortInterface: 0
MIG: 18:19:41 : isPortInterface: 0
MIG: 18:19:41 : isPortInterface: 0
MIG: 18:19:41 : isPortInterface: 0
MIG: 18:19:41 : isPortInterface: 0
MIG: 18:19:41 : isPortInterface: 0
MIG: 18:19:41 : isPortInterface: 0
MIG: 18:19:41 : isPortInterface: 0
MIG: 18:19:41 : isPortInterface: 0
MIG: 18:19:41 : isPortInterface: 0
MIG: 18:19:41 : isPortInterface: 0
MIG: 18:19:41 : isPortInterface: 0
MIG: 18:19:41 : isPortInterface: 0
MIG: 18:19:41 : isPortInterface: 0
MIG: 18:19:41 : isPortInterface: 0
MIG: 18:19:41 : isPortInterface: 0
MIG: 18:19:41 : isPortInterface: 0
MIG: 18:19:41 : isPortInterface: 0
MIG: 18:19:41 : isPortInterface: 0
MIG: 18:19:41 : isPortInterface: 0
MIG: 18:19:41 : isPortInterface: 0
MIG: 18:19:41 : isPortInterface: 0
MIG: 18:19:41 : isPortInterface: 0
MIG: 18:19:41 : isPortInterface: 0
MIG: 18:19:41 : isPortInterface: 0
MIG: 18:19:41 : isPortInterface: 0
MIG: 18:19:41 : isPortInterface: 0
MIG: 18:19:41 : isPortInterface: 0
MIG: 18:19:41 : isPortInterface: 0
MIG: 18:19:41 : isPortInterface: 0
MIG: 18:19:41 : isPortInterface: 0
MIG: 18:19:41 : isPortInterface: 0
MIG: 18:19:41 : isPortInterface: 0
MIG: 18:19:41 : isPortInterface: 0
MIG: 18:19:41 : isPortInterface: 0
MIG: 18:19:41 : isPortInterface: 0
MIG: 18:19:41 : isPortInterface: 0
MIG: 18:19:41 : isPortInterface: 0
MIG: 18:19:41 : isPortInterface: 0
MIG: 18:19:41 : isPortInterface: 0
MIG: 18:19:41 : isPortInterface: 0
MIG: 18:19:41 : isPortInterface: 0
MIG: 18:19:41 : isPortInterface: 0
MIG: 18:19:41 : isPortInterface: 0
MIG: 18:19:41 : isPortInterface: 0
MIG: 18:19:41 : isPortInterface: 0
MIG: 18:19:41 : isPortInterface: 0
MIG: 18:19:41 : isPortInterface: 0
MIG: 18:19:41 : isPortInterface: 0
MIG: 18:19:41 : isPortInterface: 0
MIG: 18:19:41 : isPortInterface: 0
MIG: 18:19:41 : isPortInterface: 0
MIG: 18:19:41 : isPortInterface: 0
MIG: 18:19:41 : isPortInterface: 0
MIG: 18:19:41 : isPortInterface: 0
MIG: 18:19:41 : isPortInterface: 0
MIG: 18:19:41 : isPortInterface: 1
MIG: 18:19:41 : isPortInterface: 0
MIG: 18:19:41 : isPortInterface: 0
MIG: 18:19:41 : isPortInterface: 0
MIG: 18:19:41 : isPortInterface: 0
MIG: 18:19:41 : isPortInterface: 0
MIG: 18:19:41 : isPortInterface: 0
MIG: 18:19:41 : isPortInterface: 0
MIG: 18:19:41 : isPortInterface: 0
MIG: 18:19:41 : isPortInterface: 0
MIG: 18:19:41 : isPortInterface: 0
MIG: 18:19:41 :  locked false  
MIG: 18:19:41 : HDL Language: Verilog
MIG: 18:19:41 : compInfo: false
MIG: 18:19:41 : Vivado Options xc7a35ti csg324 -1l
MIG: 18:19:41 : 1: xc7a35ti 2: csg324 3: -1l
MIG: 18:19:41 : relative mig path: coregen/ip/xilinx/other/com/xilinx/ip/mig_7series_v4_0/bin/nt64/mig.exe
MIG: 18:19:41 : xilinx_path: C:/Xilinx/Vivado/2017.1/ids_lite/ISE
MIG: 18:19:41 : I am in catch area
MIG: 18:19:41 : Running C:/Xilinx/Vivado/2017.1/ids_lite/ISE/coregen/ip/xilinx/other/com/xilinx/ip/mig_7series_v4_0/bin/nt64/mig.exe -cg_exc_inp c:/Arty/MicroBlaze/MicroBlaze.srcs/sources_1/bd/system/ip/system_mig_7series_0_1/xil_txt.in -cg_exc_out c:/Arty/MicroBlaze/MicroBlaze.srcs/sources_1/bd/system/ip/system_mig_7series_0_1/xil_txt.out ... 
MIG: 18:19:52 : XML_INPUT_FILE: c:/Arty/MicroBlaze/MicroBlaze.srcs/sources_1/bd/system/ip/system_mig_7series_0_1/board.prj
MIG: 18:19:52 : Component_Name: system_mig_7series_0_1
MIG: 18:19:52 : Moving system_mig_7series_0_1 ...
MIG: 18:19:52 : Moving system_mig_7series_0_1.veo ...
MIG: 18:19:52 : Moving system_mig_7series_0_1_xmdf.tcl ...
MIG: 18:36:24 : Running customizer.xit
MIG: 18:36:24 : ################# RUNNING MIG INTERACTIVE ###################
MIG: 18:36:24 : Writing IN file for 'system_mig_7series_0_1'...compDirPath: c:/Xilinx/Vivado/2017.1/data/ip/xilinx/mig_7series_v4_0... instDirPath: c:/Users/kmstu_000/AppData/Roaming/Xilinx/Vivado/.Xil/Vivado-6328-kyle-pc/coregen/system_mig_7series_0_1
MIG: 18:36:24 : synp_flow:  -- synthesis_mode: Other
MIG: 18:36:24 : outputDirectory: c:/Users/kmstu_000/AppData/Roaming/Xilinx/Vivado/.Xil/Vivado-6328-kyle-pc/coregen/system_mig_7series_0_1/_tmp/
MIG: 18:36:24 : vivado_mode: xpg_bd
MIG: 18:36:24 :  locked false  
MIG: 18:36:24 : HDL Language: Verilog
MIG: 18:36:24 : compInfo: false
MIG: 18:36:24 : Vivado Options xc7a35ti csg324 -1l
MIG: 18:36:24 : 1: xc7a35ti 2: csg324 3: -1l
MIG: 18:36:24 : relative mig path: coregen/ip/xilinx/other/com/xilinx/ip/mig_7series_v4_0/bin/nt64/mig.exe
MIG: 18:36:24 : xilinx_path: C:/Xilinx/Vivado/2017.1/ids_lite/ISE
MIG: 18:36:24 : I am in catch area
MIG: 18:36:24 : Running C:/Xilinx/Vivado/2017.1/ids_lite/ISE/coregen/ip/xilinx/other/com/xilinx/ip/mig_7series_v4_0/bin/nt64/mig.exe -cg_exc_inp c:/Users/kmstu_000/AppData/Roaming/Xilinx/Vivado/.Xil/Vivado-6328-kyle-pc/coregen/system_mig_7series_0_1/xil_txt.in -cg_exc_out c:/Users/kmstu_000/AppData/Roaming/Xilinx/Vivado/.Xil/Vivado-6328-kyle-pc/coregen/system_mig_7series_0_1/xil_txt.out ... 
MIG: 18:37:57 : Prasad before: xmlPropertyPrj -- board.prj
MIG: 18:37:57 : Prasad After: xmlPropertyPrj -- mig_a.prj
MIG: 18:37:57 : XML_INPUT_FILE: c:/Users/kmstu_000/AppData/Roaming/Xilinx/Vivado/.Xil/Vivado-6328-kyle-pc/coregen/system_mig_7series_0_1/mig_a.prj
MIG: 18:37:57 : Component_Name: system_mig_7series_0_1
MIG: 18:37:57 : Moving system_mig_7series_0_1 ...
MIG: 18:37:57 : Moving system_mig_7series_0_1.veo ...
MIG: 18:37:57 : Moving system_mig_7series_0_1_xmdf.tcl ...
MIG: 18:37:57 : Sending back 0
MIG: 18:38:00 : xml_input_file: mig_a.prj
MIG: 18:38:00 : Absolute path of xml_input_file: c:/Arty/MicroBlaze/MicroBlaze.srcs/sources_1/bd/system/ip/system_mig_7series_0_1/mig_a.prj
MIG: 18:38:00 : xml_input_file: mig_a.prj
MIG: 18:38:00 : Absolute path of xml_input_file: c:/Arty/MicroBlaze/MicroBlaze.srcs/sources_1/bd/system/ip/system_mig_7series_0_1/mig_a.prj
MIG: 18:38:00 : In updateAllModelParams
MIG: 18:38:00 : IGN:     <ModuleName>system_mig_7series_0_1</ModuleName> <==>     <ModuleName>system_mig_7series_0_1</ModuleName> 
MIG: 18:38:00 : IGN:         <InputClkFreq>166.666</InputClkFreq> <==>         <InputClkFreq>166.666</InputClkFreq> 
MIG: 18:38:00 : XGUI hdlLanguage: Verilog
MIG: 18:38:00 : xgui vivado_mode: xpg_bd
MIG: 18:38:00 : xgui hdlLanguage: Verilog -- hdlExt: v
MIG: 18:38:00 : Reading C:/Arty/MicroBlaze/MicroBlaze.srcs/sources_1/bd/system/ip/system_mig_7series_0_1/system_mig_7series_0_1/user_design/rtl/system_mig_7series_0_1_mig.v ...
MIG: 18:38:01 : 
MIG: 18:38:01 : Inside fn mem: DDR3
MIG: 18:38:01 : detect_uiclk: 83333333
MIG: 18:38:01 : cntrl:  memtype: DDR3
MIG: 18:38:01 : 
MIG: 18:38:01 :  MMCM_VCO single ctrl param_name: MMCM_VCO --  possibleMaxVcoVal: 666 
MIG: 18:38:01 : 
MIG: 18:38:01 : 
MIG: 18:38:01 : 
MIG: 18:38:01 : 
MIG: 18:38:01 :  polarity_value: 1
MIG: 18:38:01 : 
MIG: 18:38:01 : 
MIG: 18:38:02 : cntrl:  memtype: DDR3
MIG: 18:38:02 : 
MIG: 18:38:02 :  Valid Param: DDR3_BANK_WIDTH ==> 3
MIG: 18:38:02 : 
MIG: 18:38:02 :  Valid Param: DDR3_CK_WIDTH ==> 1
MIG: 18:38:02 :  Invalid Param: DDR3_COL_WIDTH ==> 10
MIG: 18:38:02 : 
MIG: 18:38:02 :  Valid Param: DDR3_CS_WIDTH ==> 1
MIG: 18:38:02 : 
MIG: 18:38:02 :  Valid Param: DDR3_nCS_PER_RANK ==> 1
MIG: 18:38:02 : 
MIG: 18:38:02 :  Valid Param: DDR3_CKE_WIDTH ==> 1
MIG: 18:38:02 :  Invalid Param: DDR3_DATA_BUF_ADDR_WIDTH ==> 5
MIG: 18:38:02 :  Invalid Param: DDR3_DQ_CNT_WIDTH ==> 4
MIG: 18:38:02 :  Invalid Param: DDR3_DQ_PER_DM ==> 8
MIG: 18:38:02 : 
MIG: 18:38:02 :  Valid Param: DDR3_DM_WIDTH ==> 2
MIG: 18:38:02 : 
MIG: 18:38:02 :  Valid Param: DDR3_DQ_WIDTH ==> 16
MIG: 18:38:02 : 
MIG: 18:38:02 :  Valid Param: DDR3_DQS_WIDTH ==> 2
MIG: 18:38:02 : 
MIG: 18:38:02 :  Valid Param: DDR3_DQS_CNT_WIDTH ==> 1
MIG: 18:38:02 :  Invalid Param: DDR3_DRAM_WIDTH ==> 8
MIG: 18:38:02 : 
MIG: 18:38:02 :  Valid Param: ECC ==> OFF
MIG: 18:38:02 : 
MIG: 18:38:02 :  Valid Param: DDR3_DATA_WIDTH ==> 16
MIG: 18:38:02 :  Invalid Param: ECC_TEST ==> "OFF"
MIG: 18:38:02 :  Invalid Param: DDR3_PAYLOAD_WIDTH ==> (ECC_TEST == "OFF") ? DATA_WIDTH : DQ_WIDTH
MIG: 18:38:02 :  Invalid Param: DDR3_MEM_ADDR_ORDER ==> "BANK_ROW_COLUMN"
MIG: 18:38:02 :  Invalid Param: DDR3_nBANK_MACHS ==> 4
MIG: 18:38:02 :  Invalid Param: DDR3_RANKS ==> 1
MIG: 18:38:02 : 
MIG: 18:38:02 :  Valid Param: DDR3_ODT_WIDTH ==> 1
MIG: 18:38:02 : 
MIG: 18:38:02 :  Valid Param: DDR3_ROW_WIDTH ==> 14
MIG: 18:38:02 : 
MIG: 18:38:02 :  Valid Param: DDR3_ADDR_WIDTH ==> 28
MIG: 18:38:02 : 
MIG: 18:38:02 :  Valid Param: DDR3_USE_CS_PORT ==> 1
MIG: 18:38:02 : 
MIG: 18:38:02 :  Valid Param: DDR3_USE_DM_PORT ==> 1
MIG: 18:38:02 : 
MIG: 18:38:02 :  Valid Param: DDR3_USE_ODT_PORT ==> 1
MIG: 18:38:02 :  Invalid Param: DDR3_IS_CLK_SHARED ==> "FALSE"
MIG: 18:38:02 :  Invalid Param: DDR3_PHY_CONTROL_MASTER_BANK ==> 0
MIG: 18:38:02 :  Invalid Param: DDR3_MEM_DENSITY ==> "2Gb"
MIG: 18:38:02 :  Invalid Param: DDR3_MEM_SPEEDGRADE ==> "15E"
MIG: 18:38:02 :  Invalid Param: DDR3_MEM_DEVICE_WIDTH ==> 16
MIG: 18:38:02 :  Invalid Param: DDR3_AL ==> "0"
MIG: 18:38:02 :  Invalid Param: DDR3_nAL ==> 0
MIG: 18:38:02 :  Invalid Param: DDR3_BURST_MODE ==> "8"
MIG: 18:38:02 :  Invalid Param: DDR3_BURST_TYPE ==> "SEQ"
MIG: 18:38:02 :  Invalid Param: DDR3_CL ==> 5
MIG: 18:38:02 :  Invalid Param: DDR3_CWL ==> 5
MIG: 18:38:02 :  Invalid Param: DDR3_OUTPUT_DRV ==> "LOW"
MIG: 18:38:02 :  Invalid Param: DDR3_RTT_NOM ==> "40"
MIG: 18:38:02 :  Invalid Param: DDR3_RTT_WR ==> "OFF"
MIG: 18:38:02 :  Invalid Param: DDR3_ADDR_CMD_MODE ==> "1T"
MIG: 18:38:02 : 
MIG: 18:38:02 :  Valid Param: DDR3_REG_CTRL ==> OFF
MIG: 18:38:02 :  Invalid Param: DDR3_CA_MIRROR ==> "OFF"
MIG: 18:38:02 :  Invalid Param: DDR3_VDD_OP_VOLT ==> "135"
MIG: 18:38:02 :  Invalid Param: DDR3_CLKIN_PERIOD ==> 6000
MIG: 18:38:02 :  Invalid Param: DDR3_CLKFBOUT_MULT ==> 8
MIG: 18:38:02 :  Invalid Param: DDR3_DIVCLK_DIVIDE ==> 1
MIG: 18:38:02 :  Invalid Param: DDR3_CLKOUT0_PHASE ==> 0.0
MIG: 18:38:02 :  Invalid Param: DDR3_CLKOUT0_DIVIDE ==> 2
MIG: 18:38:02 :  Invalid Param: DDR3_CLKOUT1_DIVIDE ==> 4
MIG: 18:38:02 :  Invalid Param: DDR3_CLKOUT2_DIVIDE ==> 64
MIG: 18:38:02 :  Invalid Param: DDR3_CLKOUT3_DIVIDE ==> 16
MIG: 18:38:02 :  Invalid Param: DDR3_MMCM_VCO ==> 666
MIG: 18:38:02 :  Invalid Param: DDR3_MMCM_MULT_F ==> 8
MIG: 18:38:02 :  Invalid Param: DDR3_MMCM_DIVCLK_DIVIDE ==> 1
MIG: 18:38:02 :  Invalid Param: DDR3_tCKE ==> 5625
MIG: 18:38:02 :  Invalid Param: DDR3_tFAW ==> 45000
MIG: 18:38:02 :  Invalid Param: DDR3_tPRDI ==> 1_000_000
MIG: 18:38:02 :  Invalid Param: DDR3_tRAS ==> 36000
MIG: 18:38:02 :  Invalid Param: DDR3_tRCD ==> 13500
MIG: 18:38:02 :  Invalid Param: DDR3_tREFI ==> 7800000
MIG: 18:38:02 :  Invalid Param: DDR3_tRFC ==> 160000
MIG: 18:38:02 :  Invalid Param: DDR3_tRP ==> 13500
MIG: 18:38:02 :  Invalid Param: DDR3_tRRD ==> 7500
MIG: 18:38:02 :  Invalid Param: DDR3_tRTP ==> 7500
MIG: 18:38:02 :  Invalid Param: DDR3_tWTR ==> 7500
MIG: 18:38:02 :  Invalid Param: DDR3_tZQI ==> 128_000_000
MIG: 18:38:02 :  Invalid Param: DDR3_tZQCS ==> 64
MIG: 18:38:02 :  Invalid Param: DDR3_SIM_BYPASS_INIT_CAL ==> "OFF"
MIG: 18:38:02 :  Invalid Param: DDR3_SIMULATION ==> "FALSE"
MIG: 18:38:02 :  Invalid Param: DDR3_BYTE_LANES_B0 ==> 4'b1111
MIG: 18:38:02 :  Invalid Param: DDR3_BYTE_LANES_B1 ==> 4'b0000
MIG: 18:38:02 :  Invalid Param: DDR3_BYTE_LANES_B2 ==> 4'b0000
MIG: 18:38:02 :  Invalid Param: DDR3_BYTE_LANES_B3 ==> 4'b0000
MIG: 18:38:02 :  Invalid Param: DDR3_BYTE_LANES_B4 ==> 4'b0000
MIG: 18:38:02 :  Invalid Param: DDR3_DATA_CTL_B0 ==> 4'b1100
MIG: 18:38:02 :  Invalid Param: DDR3_DATA_CTL_B1 ==> 4'b0000
MIG: 18:38:02 :  Invalid Param: DDR3_DATA_CTL_B2 ==> 4'b0000
MIG: 18:38:02 :  Invalid Param: DDR3_DATA_CTL_B3 ==> 4'b0000
MIG: 18:38:02 :  Invalid Param: DDR3_DATA_CTL_B4 ==> 4'b0000
MIG: 18:38:02 :  Invalid Param: DDR3_PHY_0_BITLANES ==> 48'h3FE_3FE_FFF_BFF
MIG: 18:38:02 :  Invalid Param: DDR3_PHY_1_BITLANES ==> 48'h000_000_000_000
MIG: 18:38:02 :  Invalid Param: DDR3_PHY_2_BITLANES ==> 48'h000_000_000_000
MIG: 18:38:02 :  Invalid Param: DDR3_CK_BYTE_MAP ==> 144'h00_00_00_00_00_00_00_00_00_00_00_00_00_00_00_00_00_00
MIG: 18:38:02 :  Invalid Param: DDR3_ADDR_MAP ==> 192'h000_000_000_002_004_009_007_001_005_006_003_010_012_014_011_01A
MIG: 18:38:02 :  Invalid Param: DDR3_BANK_MAP ==> 36'h01B_017_013
MIG: 18:38:02 :  Invalid Param: DDR3_CAS_MAP ==> 12'h015
MIG: 18:38:02 :  Invalid Param: DDR3_CKE_ODT_BYTE_MAP ==> 8'h00
MIG: 18:38:02 :  Invalid Param: DDR3_CKE_MAP ==> 96'h000_000_000_000_000_000_000_019
MIG: 18:38:02 :  Invalid Param: DDR3_ODT_MAP ==> 96'h000_000_000_000_000_000_000_008
MIG: 18:38:02 :  Invalid Param: DDR3_CS_MAP ==> 120'h000_000_000_000_000_000_000_000_000_00B
MIG: 18:38:02 :  Invalid Param: DDR3_PARITY_MAP ==> 12'h000
MIG: 18:38:02 :  Invalid Param: DDR3_RAS_MAP ==> 12'h016
MIG: 18:38:02 :  Invalid Param: DDR3_WE_MAP ==> 12'h018
MIG: 18:38:02 :  Invalid Param: DDR3_DQS_BYTE_MAP ==> 144'h00_00_00_00_00_00_00_00_00_00_00_00_00_00_00_00_02_03
MIG: 18:38:02 :  Invalid Param: DDR3_DATA0_MAP ==> 96'h034_032_038_035_031_037_036_033
MIG: 18:38:02 :  Invalid Param: DDR3_DATA1_MAP ==> 96'h023_026_022_028_025_027_021_024
MIG: 18:38:02 :  Invalid Param: DDR3_DATA2_MAP ==> 96'h000_000_000_000_000_000_000_000
MIG: 18:38:02 :  Invalid Param: DDR3_DATA3_MAP ==> 96'h000_000_000_000_000_000_000_000
MIG: 18:38:02 :  Invalid Param: DDR3_DATA4_MAP ==> 96'h000_000_000_000_000_000_000_000
MIG: 18:38:02 :  Invalid Param: DDR3_DATA5_MAP ==> 96'h000_000_000_000_000_000_000_000
MIG: 18:38:02 :  Invalid Param: DDR3_DATA6_MAP ==> 96'h000_000_000_000_000_000_000_000
MIG: 18:38:02 :  Invalid Param: DDR3_DATA7_MAP ==> 96'h000_000_000_000_000_000_000_000
MIG: 18:38:02 :  Invalid Param: DDR3_DATA8_MAP ==> 96'h000_000_000_000_000_000_000_000
MIG: 18:38:02 :  Invalid Param: DDR3_DATA9_MAP ==> 96'h000_000_000_000_000_000_000_000
MIG: 18:38:02 :  Invalid Param: DDR3_DATA10_MAP ==> 96'h000_000_000_000_000_000_000_000
MIG: 18:38:02 :  Invalid Param: DDR3_DATA11_MAP ==> 96'h000_000_000_000_000_000_000_000
MIG: 18:38:02 :  Invalid Param: DDR3_DATA12_MAP ==> 96'h000_000_000_000_000_000_000_000
MIG: 18:38:02 :  Invalid Param: DDR3_DATA13_MAP ==> 96'h000_000_000_000_000_000_000_000
MIG: 18:38:02 :  Invalid Param: DDR3_DATA14_MAP ==> 96'h000_000_000_000_000_000_000_000
MIG: 18:38:02 :  Invalid Param: DDR3_DATA15_MAP ==> 96'h000_000_000_000_000_000_000_000
MIG: 18:38:02 :  Invalid Param: DDR3_DATA16_MAP ==> 96'h000_000_000_000_000_000_000_000
MIG: 18:38:02 :  Invalid Param: DDR3_DATA17_MAP ==> 96'h000_000_000_000_000_000_000_000
MIG: 18:38:02 :  Invalid Param: DDR3_MASK0_MAP ==> 108'h000_000_000_000_000_000_000_029_039
MIG: 18:38:02 :  Invalid Param: DDR3_MASK1_MAP ==> 108'h000_000_000_000_000_000_000_000_000
MIG: 18:38:02 :  Invalid Param: DDR3_SLOT_0_CONFIG ==> 8'b0000_0001
MIG: 18:38:02 :  Invalid Param: DDR3_SLOT_1_CONFIG ==> 8'b0000_0000
MIG: 18:38:02 :  Invalid Param: DDR3_IBUF_LPWR_MODE ==> "OFF"
MIG: 18:38:02 :  Invalid Param: DDR3_DATA_IO_IDLE_PWRDWN ==> "ON"
MIG: 18:38:02 :  Invalid Param: DDR3_BANK_TYPE ==> "HR_IO"
MIG: 18:38:02 :  Invalid Param: DDR3_DATA_IO_PRIM_TYPE ==> "HR_LP"
MIG: 18:38:02 :  Invalid Param: DDR3_CKE_ODT_AUX ==> "FALSE"
MIG: 18:38:02 :  Invalid Param: DDR3_USER_REFRESH ==> "OFF"
MIG: 18:38:02 :  Invalid Param: DDR3_WRLVL ==> "ON"
MIG: 18:38:02 :  Invalid Param: DDR3_ORDERING ==> "NORM"
MIG: 18:38:02 :  Invalid Param: DDR3_CALIB_ROW_ADD ==> 16'h0000
MIG: 18:38:02 :  Invalid Param: DDR3_CALIB_COL_ADD ==> 12'h000
MIG: 18:38:02 :  Invalid Param: DDR3_CALIB_BA_ADD ==> 3'h0
MIG: 18:38:02 :  Invalid Param: DDR3_TCQ ==> 100
MIG: 18:38:02 :  Invalid Param: DDR3_IDELAY_ADJ ==> "OFF"
MIG: 18:38:02 :  Invalid Param: DDR3_FINE_PER_BIT ==> "OFF"
MIG: 18:38:02 :  Invalid Param: DDR3_CENTER_COMP_MODE ==> "OFF"
MIG: 18:38:02 :  Invalid Param: DDR3_PI_VAL_ADJ ==> "OFF"
MIG: 18:38:02 :  Invalid Param: DDR3_IODELAY_GRP0 ==> "SYSTEM_MIG_7SERIES_0_1_IODELAY_MIG0"
MIG: 18:38:02 :  Invalid Param: DDR3_IODELAY_GRP1 ==> "SYSTEM_MIG_7SERIES_0_1_IODELAY_MIG1"
MIG: 18:38:02 :  Invalid Param: DDR3_SYSCLK_TYPE ==> "NO_BUFFER"
MIG: 18:38:02 :  Invalid Param: DDR3_REFCLK_TYPE ==> "NO_BUFFER"
MIG: 18:38:02 :  Invalid Param: DDR3_SYS_RST_PORT ==> "FALSE"
MIG: 18:38:02 :  Invalid Param: DDR3_FPGA_SPEED_GRADE ==> 1
MIG: 18:38:02 :  Invalid Param: DDR3_CMD_PIPE_PLUS1 ==> "ON"
MIG: 18:38:02 :  Invalid Param: DDR3_DRAM_TYPE ==> "DDR3"
MIG: 18:38:02 :  Invalid Param: DDR3_CAL_WIDTH ==> "HALF"
MIG: 18:38:02 :  Invalid Param: DDR3_STARVE_LIMIT ==> 2
MIG: 18:38:02 :  Invalid Param: DDR3_REF_CLK_MMCM_IODELAY_CTRL ==> "FALSE"
MIG: 18:38:02 :  Invalid Param: DDR3_REFCLK_FREQ ==> 200.0
MIG: 18:38:02 :  Invalid Param: DDR3_DIFF_TERM_REFCLK ==> "TRUE"
MIG: 18:38:02 :  Invalid Param: DDR3_tCK ==> 3000
MIG: 18:38:02 : 
MIG: 18:38:02 :  Valid Param: DDR3_nCK_PER_CLK ==> 4
MIG: 18:38:02 :  Invalid Param: DDR3_DIFF_TERM_SYSCLK ==> "TRUE"
MIG: 18:38:02 : 
MIG: 18:38:02 :  Valid Param: UI_EXTRA_CLOCKS ==> FALSE
MIG: 18:38:02 : 
MIG: 18:38:02 :  Valid Param: C_S_AXI_ID_WIDTH ==> 4
MIG: 18:38:02 : 
MIG: 18:38:02 :  Valid Param: C_S_AXI_MEM_SIZE ==> 268435456
MIG: 18:38:02 : 
MIG: 18:38:02 :  Valid Param: C_S_AXI_ADDR_WIDTH ==> 28
MIG: 18:38:02 : 
MIG: 18:38:02 :  Valid Param: C_S_AXI_DATA_WIDTH ==> 128
MIG: 18:38:02 :  Invalid Param: DDR3_C_MC_nCK_PER_CLK ==> 4
MIG: 18:38:02 :  Invalid Param: C_S_AXI_SUPPORTS_NARROW_BURST ==> 0
MIG: 18:38:02 :  Invalid Param: DDR3_C_RD_WR_ARB_ALGORITHM ==> "RD_PRI_REG"
MIG: 18:38:02 :  Invalid Param: C_S_AXI_REG_EN0 ==> 20'h00000
MIG: 18:38:02 :  Invalid Param: C_S_AXI_REG_EN1 ==> 20'h00000
MIG: 18:38:02 : 
MIG: 18:38:02 :  Valid Param: C_S_AXI_CTRL_ADDR_WIDTH ==> 32
MIG: 18:38:02 : 
MIG: 18:38:02 :  Valid Param: C_S_AXI_CTRL_DATA_WIDTH ==> 32
MIG: 18:38:02 :  Invalid Param: C_S_AXI_BASEADDR ==> 32'h0000_0000
MIG: 18:38:02 :  Invalid Param: C_ECC_ONOFF_RESET_VALUE ==> 1
MIG: 18:38:02 :  Invalid Param: C_ECC_CE_COUNTER_WIDTH ==> 8
MIG: 18:38:02 : 
MIG: 18:38:02 :  Valid Param: DDR3_DEBUG_PORT ==> OFF
MIG: 18:38:02 : 
MIG: 18:38:02 :  Invalid Param: DDR3_TEMP_MON_CONTROL ==> "INTERNAL"
MIG: 18:38:02 :  Invalid Param: DDR3_FPGA_VOLT_TYPE ==> "N"
MIG: 18:38:02 :  Invalid Param: DDR3_RST_ACT_LOW ==> 1
MIG: 18:38:02 : 
MIG: 18:38:02 : 
MIG: 18:38:02 : 
MIG: 18:38:02 : Same Interface
MIG: 18:38:43 : Running synthesis.xit
MIG: 18:38:43 : IGN:     <ModuleName>system_mig_7series_0_1</ModuleName> <==>     <ModuleName>system_mig_7series_0_1</ModuleName> 
MIG: 18:38:43 : IGN:         <InputClkFreq>166.666</InputClkFreq> <==>         <InputClkFreq>166.666</InputClkFreq> 
MIG: 18:38:43 : Running vlog_synth_rpr.xit
MIG: 18:38:44 : IGN:     <ModuleName>system_mig_7series_0_1</ModuleName> <==>     <ModuleName>system_mig_7series_0_1</ModuleName> 
MIG: 18:38:44 : IGN:         <InputClkFreq>166.666</InputClkFreq> <==>         <InputClkFreq>166.666</InputClkFreq> 
MIG: 18:38:44 : Running simulation.xit
MIG: 18:38:44 : IGN:     <ModuleName>system_mig_7series_0_1</ModuleName> <==>     <ModuleName>system_mig_7series_0_1</ModuleName> 
MIG: 18:38:44 : IGN:         <InputClkFreq>166.666</InputClkFreq> <==>         <InputClkFreq>166.666</InputClkFreq> 
MIG: 18:38:44 : Running vlog_sim_rpr.xit .. PRASAD DBG1
MIG: 18:38:44 : IGN:     <ModuleName>system_mig_7series_0_1</ModuleName> <==>     <ModuleName>system_mig_7series_0_1</ModuleName> 
MIG: 18:38:44 : IGN:         <InputClkFreq>166.666</InputClkFreq> <==>         <InputClkFreq>166.666</InputClkFreq> 
MIG: 18:38:45 : Running implementation.xit
MIG: 18:38:45 : IGN:     <ModuleName>system_mig_7series_0_1</ModuleName> <==>     <ModuleName>system_mig_7series_0_1</ModuleName> 
MIG: 18:38:45 : IGN:         <InputClkFreq>166.666</InputClkFreq> <==>         <InputClkFreq>166.666</InputClkFreq> 
