
*** Running vivado
    with args -log system_axi_smc_1.vds -m64 -product Vivado -mode batch -messageDb vivado.pb -notrace -source system_axi_smc_1.tcl


****** Vivado v2017.1 (64-bit)
  **** SW Build 1846317 on Fri Apr 14 18:55:03 MDT 2017
  **** IP Build 1846188 on Fri Apr 14 20:52:08 MDT 2017
    ** Copyright 1986-2017 Xilinx, Inc. All Rights Reserved.

source system_axi_smc_1.tcl -notrace
Starting RTL Elaboration : Time (s): cpu = 00:00:07 ; elapsed = 00:00:06 . Memory (MB): peak = 386.262 ; gain = 89.699
INFO: [Synth 8-638] synthesizing module 'system_axi_smc_1' [c:/Arty/MicroBlaze/MicroBlaze.srcs/sources_1/bd/system/ip/system_axi_smc_1/synth/system_axi_smc_1.v:57]
INFO: [Synth 8-638] synthesizing module 'bd_8422' [c:/Arty/MicroBlaze/MicroBlaze.srcs/sources_1/bd/system/ip/system_axi_smc_1/bd_0/hdl/bd_8422.v:13]
INFO: [Synth 8-638] synthesizing module 'clk_map_imp_6WUBGP' [c:/Arty/MicroBlaze/MicroBlaze.srcs/sources_1/bd/system/ip/system_axi_smc_1/bd_0/hdl/bd_8422.v:1133]
INFO: [Synth 8-638] synthesizing module 'bd_8422_one_1' [c:/Arty/MicroBlaze/MicroBlaze.srcs/sources_1/bd/system/ip/system_axi_smc_1/bd_0/ip/ip_29/synth/bd_8422_one_1.v:57]
INFO: [Synth 8-638] synthesizing module 'xlconstant_v1_1_3_xlconstant' [c:/Arty/MicroBlaze/MicroBlaze.srcs/sources_1/bd/system/ipshared/45df/hdl/xlconstant_v1_1_vl_rfs.v:23]
INFO: [Synth 8-256] done synthesizing module 'xlconstant_v1_1_3_xlconstant' (1#1) [c:/Arty/MicroBlaze/MicroBlaze.srcs/sources_1/bd/system/ipshared/45df/hdl/xlconstant_v1_1_vl_rfs.v:23]
INFO: [Synth 8-256] done synthesizing module 'bd_8422_one_1' (2#1) [c:/Arty/MicroBlaze/MicroBlaze.srcs/sources_1/bd/system/ip/system_axi_smc_1/bd_0/ip/ip_29/synth/bd_8422_one_1.v:57]
INFO: [Synth 8-638] synthesizing module 'bd_8422_psr_aclk_1' [c:/Arty/MicroBlaze/MicroBlaze.srcs/sources_1/bd/system/ip/system_axi_smc_1/bd_0/ip/ip_30/synth/bd_8422_psr_aclk_1.vhd:74]
INFO: [Synth 8-638] synthesizing module 'proc_sys_reset' [c:/Arty/MicroBlaze/MicroBlaze.srcs/sources_1/bd/system/ipshared/5db7/hdl/proc_sys_reset_v5_0_vh_rfs.vhd:1323]
INFO: [Synth 8-638] synthesizing module 'lpf' [c:/Arty/MicroBlaze/MicroBlaze.srcs/sources_1/bd/system/ipshared/5db7/hdl/proc_sys_reset_v5_0_vh_rfs.vhd:816]
INFO: [Synth 8-638] synthesizing module 'SRL16' [C:/Xilinx/Vivado/2017.1/scripts/rt/data/unisim_comp.v:43657]
INFO: [Synth 8-256] done synthesizing module 'SRL16' (3#1) [C:/Xilinx/Vivado/2017.1/scripts/rt/data/unisim_comp.v:43657]
INFO: [Synth 8-638] synthesizing module 'cdc_sync' [c:/Arty/MicroBlaze/MicroBlaze.srcs/sources_1/bd/system/ipshared/52cb/hdl/lib_cdc_v1_0_rfs.vhd:106]
INFO: [Synth 8-256] done synthesizing module 'cdc_sync' (4#1) [c:/Arty/MicroBlaze/MicroBlaze.srcs/sources_1/bd/system/ipshared/52cb/hdl/lib_cdc_v1_0_rfs.vhd:106]
INFO: [Synth 8-256] done synthesizing module 'lpf' (5#1) [c:/Arty/MicroBlaze/MicroBlaze.srcs/sources_1/bd/system/ipshared/5db7/hdl/proc_sys_reset_v5_0_vh_rfs.vhd:816]
INFO: [Synth 8-638] synthesizing module 'sequence_psr' [c:/Arty/MicroBlaze/MicroBlaze.srcs/sources_1/bd/system/ipshared/5db7/hdl/proc_sys_reset_v5_0_vh_rfs.vhd:301]
INFO: [Synth 8-638] synthesizing module 'upcnt_n' [c:/Arty/MicroBlaze/MicroBlaze.srcs/sources_1/bd/system/ipshared/5db7/hdl/proc_sys_reset_v5_0_vh_rfs.vhd:125]
INFO: [Synth 8-256] done synthesizing module 'upcnt_n' (6#1) [c:/Arty/MicroBlaze/MicroBlaze.srcs/sources_1/bd/system/ipshared/5db7/hdl/proc_sys_reset_v5_0_vh_rfs.vhd:125]
INFO: [Synth 8-256] done synthesizing module 'sequence_psr' (7#1) [c:/Arty/MicroBlaze/MicroBlaze.srcs/sources_1/bd/system/ipshared/5db7/hdl/proc_sys_reset_v5_0_vh_rfs.vhd:301]
INFO: [Synth 8-256] done synthesizing module 'proc_sys_reset' (8#1) [c:/Arty/MicroBlaze/MicroBlaze.srcs/sources_1/bd/system/ipshared/5db7/hdl/proc_sys_reset_v5_0_vh_rfs.vhd:1323]
INFO: [Synth 8-256] done synthesizing module 'bd_8422_psr_aclk_1' (9#1) [c:/Arty/MicroBlaze/MicroBlaze.srcs/sources_1/bd/system/ip/system_axi_smc_1/bd_0/ip/ip_30/synth/bd_8422_psr_aclk_1.vhd:74]
INFO: [Synth 8-256] done synthesizing module 'clk_map_imp_6WUBGP' (10#1) [c:/Arty/MicroBlaze/MicroBlaze.srcs/sources_1/bd/system/ip/system_axi_smc_1/bd_0/hdl/bd_8422.v:1133]
INFO: [Synth 8-638] synthesizing module 'm00_exit_pipeline_imp_1Q88AC2' [c:/Arty/MicroBlaze/MicroBlaze.srcs/sources_1/bd/system/ip/system_axi_smc_1/bd_0/hdl/bd_8422.v:1183]
INFO: [Synth 8-638] synthesizing module 'bd_8422_m00e_1' [c:/Arty/MicroBlaze/MicroBlaze.srcs/sources_1/bd/system/ip/system_axi_smc_1/bd_0/ip/ip_57/synth/bd_8422_m00e_1.sv:58]
INFO: [Synth 8-256] done synthesizing module 'bd_8422_m00e_1' (20#1) [c:/Arty/MicroBlaze/MicroBlaze.srcs/sources_1/bd/system/ip/system_axi_smc_1/bd_0/ip/ip_57/synth/bd_8422_m00e_1.sv:58]
INFO: [Synth 8-256] done synthesizing module 'm00_exit_pipeline_imp_1Q88AC2' (21#1) [c:/Arty/MicroBlaze/MicroBlaze.srcs/sources_1/bd/system/ip/system_axi_smc_1/bd_0/hdl/bd_8422.v:1183]
INFO: [Synth 8-638] synthesizing module 'm00_nodes_imp_1CYJ5A6' [c:/Arty/MicroBlaze/MicroBlaze.srcs/sources_1/bd/system/ip/system_axi_smc_1/bd_0/hdl/bd_8422.v:1554]
INFO: [Synth 8-638] synthesizing module 'bd_8422_m00arn_1' [c:/Arty/MicroBlaze/MicroBlaze.srcs/sources_1/bd/system/ip/system_axi_smc_1/bd_0/ip/ip_52/synth/bd_8422_m00arn_1.sv:58]
INFO: [Synth 8-638] synthesizing module 'xpm_memory_base' [C:/Xilinx/Vivado/2017.1/data/ip/xpm/xpm_memory/hdl/xpm_memory.sv:58]
INFO: [Synth 8-256] done synthesizing module 'xpm_memory_base' (27#1) [C:/Xilinx/Vivado/2017.1/data/ip/xpm/xpm_memory/hdl/xpm_memory.sv:58]
INFO: [Synth 8-638] synthesizing module 'xpm_memory_base__parameterized0' [C:/Xilinx/Vivado/2017.1/data/ip/xpm/xpm_memory/hdl/xpm_memory.sv:58]
INFO: [Synth 8-256] done synthesizing module 'xpm_memory_base__parameterized0' (30#1) [C:/Xilinx/Vivado/2017.1/data/ip/xpm/xpm_memory/hdl/xpm_memory.sv:58]
INFO: [Synth 8-256] done synthesizing module 'bd_8422_m00arn_1' (36#1) [c:/Arty/MicroBlaze/MicroBlaze.srcs/sources_1/bd/system/ip/system_axi_smc_1/bd_0/ip/ip_52/synth/bd_8422_m00arn_1.sv:58]
INFO: [Synth 8-638] synthesizing module 'bd_8422_m00awn_1' [c:/Arty/MicroBlaze/MicroBlaze.srcs/sources_1/bd/system/ip/system_axi_smc_1/bd_0/ip/ip_54/synth/bd_8422_m00awn_1.sv:58]
INFO: [Synth 8-256] done synthesizing module 'bd_8422_m00awn_1' (37#1) [c:/Arty/MicroBlaze/MicroBlaze.srcs/sources_1/bd/system/ip/system_axi_smc_1/bd_0/ip/ip_54/synth/bd_8422_m00awn_1.sv:58]
INFO: [Synth 8-638] synthesizing module 'bd_8422_m00bn_1' [c:/Arty/MicroBlaze/MicroBlaze.srcs/sources_1/bd/system/ip/system_axi_smc_1/bd_0/ip/ip_56/synth/bd_8422_m00bn_1.sv:58]
INFO: [Synth 8-638] synthesizing module 'xpm_memory_base__parameterized1' [C:/Xilinx/Vivado/2017.1/data/ip/xpm/xpm_memory/hdl/xpm_memory.sv:58]
INFO: [Synth 8-256] done synthesizing module 'xpm_memory_base__parameterized1' (37#1) [C:/Xilinx/Vivado/2017.1/data/ip/xpm/xpm_memory/hdl/xpm_memory.sv:58]
INFO: [Synth 8-638] synthesizing module 'xpm_memory_base__parameterized2' [C:/Xilinx/Vivado/2017.1/data/ip/xpm/xpm_memory/hdl/xpm_memory.sv:58]
INFO: [Synth 8-256] done synthesizing module 'xpm_memory_base__parameterized2' (37#1) [C:/Xilinx/Vivado/2017.1/data/ip/xpm/xpm_memory/hdl/xpm_memory.sv:58]
INFO: [Synth 8-256] done synthesizing module 'bd_8422_m00bn_1' (38#1) [c:/Arty/MicroBlaze/MicroBlaze.srcs/sources_1/bd/system/ip/system_axi_smc_1/bd_0/ip/ip_56/synth/bd_8422_m00bn_1.sv:58]
INFO: [Synth 8-638] synthesizing module 'bd_8422_m00rn_1' [c:/Arty/MicroBlaze/MicroBlaze.srcs/sources_1/bd/system/ip/system_axi_smc_1/bd_0/ip/ip_53/synth/bd_8422_m00rn_1.sv:58]
INFO: [Synth 8-638] synthesizing module 'xpm_memory_base__parameterized3' [C:/Xilinx/Vivado/2017.1/data/ip/xpm/xpm_memory/hdl/xpm_memory.sv:58]
INFO: [Synth 8-256] done synthesizing module 'xpm_memory_base__parameterized3' (38#1) [C:/Xilinx/Vivado/2017.1/data/ip/xpm/xpm_memory/hdl/xpm_memory.sv:58]
INFO: [Synth 8-256] done synthesizing module 'bd_8422_m00rn_1' (39#1) [c:/Arty/MicroBlaze/MicroBlaze.srcs/sources_1/bd/system/ip/system_axi_smc_1/bd_0/ip/ip_53/synth/bd_8422_m00rn_1.sv:58]
INFO: [Synth 8-638] synthesizing module 'bd_8422_m00wn_1' [c:/Arty/MicroBlaze/MicroBlaze.srcs/sources_1/bd/system/ip/system_axi_smc_1/bd_0/ip/ip_55/synth/bd_8422_m00wn_1.sv:58]
INFO: [Synth 8-638] synthesizing module 'xpm_memory_base__parameterized4' [C:/Xilinx/Vivado/2017.1/data/ip/xpm/xpm_memory/hdl/xpm_memory.sv:58]
INFO: [Synth 8-256] done synthesizing module 'xpm_memory_base__parameterized4' (39#1) [C:/Xilinx/Vivado/2017.1/data/ip/xpm/xpm_memory/hdl/xpm_memory.sv:58]
INFO: [Synth 8-638] synthesizing module 'xpm_memory_base__parameterized5' [C:/Xilinx/Vivado/2017.1/data/ip/xpm/xpm_memory/hdl/xpm_memory.sv:58]
INFO: [Synth 8-256] done synthesizing module 'xpm_memory_base__parameterized5' (39#1) [C:/Xilinx/Vivado/2017.1/data/ip/xpm/xpm_memory/hdl/xpm_memory.sv:58]
INFO: [Synth 8-256] done synthesizing module 'bd_8422_m00wn_1' (40#1) [c:/Arty/MicroBlaze/MicroBlaze.srcs/sources_1/bd/system/ip/system_axi_smc_1/bd_0/ip/ip_55/synth/bd_8422_m00wn_1.sv:58]
INFO: [Synth 8-256] done synthesizing module 'm00_nodes_imp_1CYJ5A6' (41#1) [c:/Arty/MicroBlaze/MicroBlaze.srcs/sources_1/bd/system/ip/system_axi_smc_1/bd_0/hdl/bd_8422.v:1554]
INFO: [Synth 8-638] synthesizing module 'bd_8422_m00s2a_1' [c:/Arty/MicroBlaze/MicroBlaze.srcs/sources_1/bd/system/ip/system_axi_smc_1/bd_0/ip/ip_51/synth/bd_8422_m00s2a_1.sv:58]
INFO: [Synth 8-256] done synthesizing module 'bd_8422_m00s2a_1' (43#1) [c:/Arty/MicroBlaze/MicroBlaze.srcs/sources_1/bd/system/ip/system_axi_smc_1/bd_0/ip/ip_51/synth/bd_8422_m00s2a_1.sv:58]
INFO: [Synth 8-638] synthesizing module 'bd_8422_s00a2s_1' [c:/Arty/MicroBlaze/MicroBlaze.srcs/sources_1/bd/system/ip/system_axi_smc_1/bd_0/ip/ip_39/synth/bd_8422_s00a2s_1.sv:58]
INFO: [Synth 8-256] done synthesizing module 'bd_8422_s00a2s_1' (45#1) [c:/Arty/MicroBlaze/MicroBlaze.srcs/sources_1/bd/system/ip/system_axi_smc_1/bd_0/ip/ip_39/synth/bd_8422_s00a2s_1.sv:58]
INFO: [Synth 8-638] synthesizing module 's00_entry_pipeline_imp_RL83TD' [c:/Arty/MicroBlaze/MicroBlaze.srcs/sources_1/bd/system/ip/system_axi_smc_1/bd_0/hdl/bd_8422.v:1859]
INFO: [Synth 8-638] synthesizing module 'bd_8422_s00mmu_1' [c:/Arty/MicroBlaze/MicroBlaze.srcs/sources_1/bd/system/ip/system_axi_smc_1/bd_0/ip/ip_36/synth/bd_8422_s00mmu_1.sv:58]
INFO: [Synth 8-256] done synthesizing module 'bd_8422_s00mmu_1' (49#1) [c:/Arty/MicroBlaze/MicroBlaze.srcs/sources_1/bd/system/ip/system_axi_smc_1/bd_0/ip/ip_36/synth/bd_8422_s00mmu_1.sv:58]
INFO: [Synth 8-638] synthesizing module 'bd_8422_s00sic_1' [c:/Arty/MicroBlaze/MicroBlaze.srcs/sources_1/bd/system/ip/system_axi_smc_1/bd_0/ip/ip_38/synth/bd_8422_s00sic_1.sv:58]
INFO: [Synth 8-256] done synthesizing module 'bd_8422_s00sic_1' (54#1) [c:/Arty/MicroBlaze/MicroBlaze.srcs/sources_1/bd/system/ip/system_axi_smc_1/bd_0/ip/ip_38/synth/bd_8422_s00sic_1.sv:58]
INFO: [Synth 8-638] synthesizing module 'bd_8422_s00tr_1' [c:/Arty/MicroBlaze/MicroBlaze.srcs/sources_1/bd/system/ip/system_axi_smc_1/bd_0/ip/ip_37/synth/bd_8422_s00tr_1.sv:58]
INFO: [Synth 8-256] done synthesizing module 'bd_8422_s00tr_1' (57#1) [c:/Arty/MicroBlaze/MicroBlaze.srcs/sources_1/bd/system/ip/system_axi_smc_1/bd_0/ip/ip_37/synth/bd_8422_s00tr_1.sv:58]
INFO: [Synth 8-256] done synthesizing module 's00_entry_pipeline_imp_RL83TD' (58#1) [c:/Arty/MicroBlaze/MicroBlaze.srcs/sources_1/bd/system/ip/system_axi_smc_1/bd_0/hdl/bd_8422.v:1859]
INFO: [Synth 8-638] synthesizing module 's00_nodes_imp_WZ0QX7' [c:/Arty/MicroBlaze/MicroBlaze.srcs/sources_1/bd/system/ip/system_axi_smc_1/bd_0/hdl/bd_8422.v:2470]
INFO: [Synth 8-638] synthesizing module 'bd_8422_sarn_2' [c:/Arty/MicroBlaze/MicroBlaze.srcs/sources_1/bd/system/ip/system_axi_smc_1/bd_0/ip/ip_40/synth/bd_8422_sarn_2.sv:58]
INFO: [Synth 8-638] synthesizing module 'xpm_memory_base__parameterized6' [C:/Xilinx/Vivado/2017.1/data/ip/xpm/xpm_memory/hdl/xpm_memory.sv:58]
INFO: [Synth 8-256] done synthesizing module 'xpm_memory_base__parameterized6' (58#1) [C:/Xilinx/Vivado/2017.1/data/ip/xpm/xpm_memory/hdl/xpm_memory.sv:58]
INFO: [Synth 8-638] synthesizing module 'xpm_memory_base__parameterized7' [C:/Xilinx/Vivado/2017.1/data/ip/xpm/xpm_memory/hdl/xpm_memory.sv:58]
INFO: [Synth 8-256] done synthesizing module 'xpm_memory_base__parameterized7' (58#1) [C:/Xilinx/Vivado/2017.1/data/ip/xpm/xpm_memory/hdl/xpm_memory.sv:58]
INFO: [Synth 8-256] done synthesizing module 'bd_8422_sarn_2' (59#1) [c:/Arty/MicroBlaze/MicroBlaze.srcs/sources_1/bd/system/ip/system_axi_smc_1/bd_0/ip/ip_40/synth/bd_8422_sarn_2.sv:58]
INFO: [Synth 8-638] synthesizing module 'bd_8422_sawn_1' [c:/Arty/MicroBlaze/MicroBlaze.srcs/sources_1/bd/system/ip/system_axi_smc_1/bd_0/ip/ip_42/synth/bd_8422_sawn_1.sv:58]
INFO: [Synth 8-256] done synthesizing module 'bd_8422_sawn_1' (60#1) [c:/Arty/MicroBlaze/MicroBlaze.srcs/sources_1/bd/system/ip/system_axi_smc_1/bd_0/ip/ip_42/synth/bd_8422_sawn_1.sv:58]
INFO: [Synth 8-638] synthesizing module 'bd_8422_sbn_1' [c:/Arty/MicroBlaze/MicroBlaze.srcs/sources_1/bd/system/ip/system_axi_smc_1/bd_0/ip/ip_44/synth/bd_8422_sbn_1.sv:58]
INFO: [Synth 8-638] synthesizing module 'xpm_memory_base__parameterized8' [C:/Xilinx/Vivado/2017.1/data/ip/xpm/xpm_memory/hdl/xpm_memory.sv:58]
INFO: [Synth 8-256] done synthesizing module 'xpm_memory_base__parameterized8' (60#1) [C:/Xilinx/Vivado/2017.1/data/ip/xpm/xpm_memory/hdl/xpm_memory.sv:58]
INFO: [Synth 8-256] done synthesizing module 'bd_8422_sbn_1' (61#1) [c:/Arty/MicroBlaze/MicroBlaze.srcs/sources_1/bd/system/ip/system_axi_smc_1/bd_0/ip/ip_44/synth/bd_8422_sbn_1.sv:58]
INFO: [Synth 8-638] synthesizing module 'bd_8422_srn_2' [c:/Arty/MicroBlaze/MicroBlaze.srcs/sources_1/bd/system/ip/system_axi_smc_1/bd_0/ip/ip_41/synth/bd_8422_srn_2.sv:58]
INFO: [Synth 8-638] synthesizing module 'xpm_memory_base__parameterized9' [C:/Xilinx/Vivado/2017.1/data/ip/xpm/xpm_memory/hdl/xpm_memory.sv:58]
INFO: [Synth 8-256] done synthesizing module 'xpm_memory_base__parameterized9' (62#1) [C:/Xilinx/Vivado/2017.1/data/ip/xpm/xpm_memory/hdl/xpm_memory.sv:58]
INFO: [Synth 8-256] done synthesizing module 'bd_8422_srn_2' (63#1) [c:/Arty/MicroBlaze/MicroBlaze.srcs/sources_1/bd/system/ip/system_axi_smc_1/bd_0/ip/ip_41/synth/bd_8422_srn_2.sv:58]
INFO: [Synth 8-638] synthesizing module 'bd_8422_swn_1' [c:/Arty/MicroBlaze/MicroBlaze.srcs/sources_1/bd/system/ip/system_axi_smc_1/bd_0/ip/ip_43/synth/bd_8422_swn_1.sv:58]
INFO: [Synth 8-638] synthesizing module 'xpm_memory_base__parameterized10' [C:/Xilinx/Vivado/2017.1/data/ip/xpm/xpm_memory/hdl/xpm_memory.sv:58]
INFO: [Synth 8-256] done synthesizing module 'xpm_memory_base__parameterized10' (65#1) [C:/Xilinx/Vivado/2017.1/data/ip/xpm/xpm_memory/hdl/xpm_memory.sv:58]
INFO: [Synth 8-256] done synthesizing module 'bd_8422_swn_1' (66#1) [c:/Arty/MicroBlaze/MicroBlaze.srcs/sources_1/bd/system/ip/system_axi_smc_1/bd_0/ip/ip_43/synth/bd_8422_swn_1.sv:58]
INFO: [Synth 8-256] done synthesizing module 's00_nodes_imp_WZ0QX7' (67#1) [c:/Arty/MicroBlaze/MicroBlaze.srcs/sources_1/bd/system/ip/system_axi_smc_1/bd_0/hdl/bd_8422.v:2470]
INFO: [Synth 8-638] synthesizing module 'bd_8422_s01a2s_1' [c:/Arty/MicroBlaze/MicroBlaze.srcs/sources_1/bd/system/ip/system_axi_smc_1/bd_0/ip/ip_48/synth/bd_8422_s01a2s_1.sv:58]
INFO: [Synth 8-256] done synthesizing module 'bd_8422_s01a2s_1' (68#1) [c:/Arty/MicroBlaze/MicroBlaze.srcs/sources_1/bd/system/ip/system_axi_smc_1/bd_0/ip/ip_48/synth/bd_8422_s01a2s_1.sv:58]
INFO: [Synth 8-638] synthesizing module 's01_entry_pipeline_imp_1WUBKW5' [c:/Arty/MicroBlaze/MicroBlaze.srcs/sources_1/bd/system/ip/system_axi_smc_1/bd_0/hdl/bd_8422.v:2766]
INFO: [Synth 8-638] synthesizing module 'bd_8422_s01mmu_1' [c:/Arty/MicroBlaze/MicroBlaze.srcs/sources_1/bd/system/ip/system_axi_smc_1/bd_0/ip/ip_45/synth/bd_8422_s01mmu_1.sv:58]
INFO: [Synth 8-256] done synthesizing module 'bd_8422_s01mmu_1' (69#1) [c:/Arty/MicroBlaze/MicroBlaze.srcs/sources_1/bd/system/ip/system_axi_smc_1/bd_0/ip/ip_45/synth/bd_8422_s01mmu_1.sv:58]
INFO: [Synth 8-638] synthesizing module 'bd_8422_s01sic_1' [c:/Arty/MicroBlaze/MicroBlaze.srcs/sources_1/bd/system/ip/system_axi_smc_1/bd_0/ip/ip_47/synth/bd_8422_s01sic_1.sv:58]
INFO: [Synth 8-256] done synthesizing module 'bd_8422_s01sic_1' (70#1) [c:/Arty/MicroBlaze/MicroBlaze.srcs/sources_1/bd/system/ip/system_axi_smc_1/bd_0/ip/ip_47/synth/bd_8422_s01sic_1.sv:58]
INFO: [Synth 8-638] synthesizing module 'bd_8422_s01tr_1' [c:/Arty/MicroBlaze/MicroBlaze.srcs/sources_1/bd/system/ip/system_axi_smc_1/bd_0/ip/ip_46/synth/bd_8422_s01tr_1.sv:58]
INFO: [Synth 8-256] done synthesizing module 'bd_8422_s01tr_1' (71#1) [c:/Arty/MicroBlaze/MicroBlaze.srcs/sources_1/bd/system/ip/system_axi_smc_1/bd_0/ip/ip_46/synth/bd_8422_s01tr_1.sv:58]
INFO: [Synth 8-256] done synthesizing module 's01_entry_pipeline_imp_1WUBKW5' (72#1) [c:/Arty/MicroBlaze/MicroBlaze.srcs/sources_1/bd/system/ip/system_axi_smc_1/bd_0/hdl/bd_8422.v:2766]
INFO: [Synth 8-638] synthesizing module 's01_nodes_imp_1TFUOFX' [c:/Arty/MicroBlaze/MicroBlaze.srcs/sources_1/bd/system/ip/system_axi_smc_1/bd_0/hdl/bd_8422.v:3053]
INFO: [Synth 8-638] synthesizing module 'bd_8422_sarn_3' [c:/Arty/MicroBlaze/MicroBlaze.srcs/sources_1/bd/system/ip/system_axi_smc_1/bd_0/ip/ip_49/synth/bd_8422_sarn_3.sv:58]
INFO: [Synth 8-256] done synthesizing module 'bd_8422_sarn_3' (73#1) [c:/Arty/MicroBlaze/MicroBlaze.srcs/sources_1/bd/system/ip/system_axi_smc_1/bd_0/ip/ip_49/synth/bd_8422_sarn_3.sv:58]
INFO: [Synth 8-638] synthesizing module 'bd_8422_srn_3' [c:/Arty/MicroBlaze/MicroBlaze.srcs/sources_1/bd/system/ip/system_axi_smc_1/bd_0/ip/ip_50/synth/bd_8422_srn_3.sv:58]
INFO: [Synth 8-256] done synthesizing module 'bd_8422_srn_3' (74#1) [c:/Arty/MicroBlaze/MicroBlaze.srcs/sources_1/bd/system/ip/system_axi_smc_1/bd_0/ip/ip_50/synth/bd_8422_srn_3.sv:58]
INFO: [Synth 8-256] done synthesizing module 's01_nodes_imp_1TFUOFX' (75#1) [c:/Arty/MicroBlaze/MicroBlaze.srcs/sources_1/bd/system/ip/system_axi_smc_1/bd_0/hdl/bd_8422.v:3053]
INFO: [Synth 8-638] synthesizing module 'switchboards_imp_82ZBDR' [c:/Arty/MicroBlaze/MicroBlaze.srcs/sources_1/bd/system/ip/system_axi_smc_1/bd_0/hdl/bd_8422.v:3184]
INFO: [Synth 8-638] synthesizing module 'bd_8422_arsw_1' [c:/Arty/MicroBlaze/MicroBlaze.srcs/sources_1/bd/system/ip/system_axi_smc_1/bd_0/ip/ip_31/synth/bd_8422_arsw_1.sv:57]
INFO: [Synth 8-256] done synthesizing module 'bd_8422_arsw_1' (78#1) [c:/Arty/MicroBlaze/MicroBlaze.srcs/sources_1/bd/system/ip/system_axi_smc_1/bd_0/ip/ip_31/synth/bd_8422_arsw_1.sv:57]
INFO: [Synth 8-638] synthesizing module 'bd_8422_awsw_1' [c:/Arty/MicroBlaze/MicroBlaze.srcs/sources_1/bd/system/ip/system_axi_smc_1/bd_0/ip/ip_33/synth/bd_8422_awsw_1.sv:57]
INFO: [Synth 8-256] done synthesizing module 'bd_8422_awsw_1' (79#1) [c:/Arty/MicroBlaze/MicroBlaze.srcs/sources_1/bd/system/ip/system_axi_smc_1/bd_0/ip/ip_33/synth/bd_8422_awsw_1.sv:57]
INFO: [Synth 8-638] synthesizing module 'bd_8422_bsw_1' [c:/Arty/MicroBlaze/MicroBlaze.srcs/sources_1/bd/system/ip/system_axi_smc_1/bd_0/ip/ip_35/synth/bd_8422_bsw_1.sv:57]
INFO: [Synth 8-256] done synthesizing module 'bd_8422_bsw_1' (80#1) [c:/Arty/MicroBlaze/MicroBlaze.srcs/sources_1/bd/system/ip/system_axi_smc_1/bd_0/ip/ip_35/synth/bd_8422_bsw_1.sv:57]
INFO: [Synth 8-638] synthesizing module 'bd_8422_rsw_1' [c:/Arty/MicroBlaze/MicroBlaze.srcs/sources_1/bd/system/ip/system_axi_smc_1/bd_0/ip/ip_32/synth/bd_8422_rsw_1.sv:57]
INFO: [Synth 8-256] done synthesizing module 'bd_8422_rsw_1' (81#1) [c:/Arty/MicroBlaze/MicroBlaze.srcs/sources_1/bd/system/ip/system_axi_smc_1/bd_0/ip/ip_32/synth/bd_8422_rsw_1.sv:57]
INFO: [Synth 8-638] synthesizing module 'bd_8422_wsw_1' [c:/Arty/MicroBlaze/MicroBlaze.srcs/sources_1/bd/system/ip/system_axi_smc_1/bd_0/ip/ip_34/synth/bd_8422_wsw_1.sv:57]
INFO: [Synth 8-256] done synthesizing module 'bd_8422_wsw_1' (82#1) [c:/Arty/MicroBlaze/MicroBlaze.srcs/sources_1/bd/system/ip/system_axi_smc_1/bd_0/ip/ip_34/synth/bd_8422_wsw_1.sv:57]
INFO: [Synth 8-256] done synthesizing module 'switchboards_imp_82ZBDR' (83#1) [c:/Arty/MicroBlaze/MicroBlaze.srcs/sources_1/bd/system/ip/system_axi_smc_1/bd_0/hdl/bd_8422.v:3184]
INFO: [Synth 8-256] done synthesizing module 'bd_8422' (84#1) [c:/Arty/MicroBlaze/MicroBlaze.srcs/sources_1/bd/system/ip/system_axi_smc_1/bd_0/hdl/bd_8422.v:13]
INFO: [Synth 8-256] done synthesizing module 'system_axi_smc_1' (85#1) [c:/Arty/MicroBlaze/MicroBlaze.srcs/sources_1/bd/system/ip/system_axi_smc_1/synth/system_axi_smc_1.v:57]
Finished RTL Elaboration : Time (s): cpu = 00:00:25 ; elapsed = 00:00:25 . Memory (MB): peak = 540.563 ; gain = 244.000
Finished RTL Optimization Phase 1 : Time (s): cpu = 00:00:27 ; elapsed = 00:00:27 . Memory (MB): peak = 540.563 ; gain = 244.000
INFO: [Device 21-403] Loading part xc7a35ticsg324-1L
Constraint Validation Runtime : Time (s): cpu = 00:00:04 ; elapsed = 00:00:02 . Memory (MB): peak = 1367.000 ; gain = 70.137
Finished Constraint Validation : Time (s): cpu = 00:01:29 ; elapsed = 00:01:27 . Memory (MB): peak = 1367.000 ; gain = 1070.438
Finished Loading Part and Timing Information : Time (s): cpu = 00:01:29 ; elapsed = 00:01:27 . Memory (MB): peak = 1367.000 ; gain = 1070.438
Finished applying 'set_property' XDC Constraints : Time (s): cpu = 00:01:29 ; elapsed = 00:01:27 . Memory (MB): peak = 1367.000 ; gain = 1070.438
Finished RTL Optimization Phase 2 : Time (s): cpu = 00:01:37 ; elapsed = 00:01:35 . Memory (MB): peak = 1367.000 ; gain = 1070.438
Finished Cross Boundary and Area Optimization : Time (s): cpu = 00:02:31 ; elapsed = 00:02:33 . Memory (MB): peak = 1367.000 ; gain = 1070.438
---------------------------------------------------------------------------------
Start ROM, RAM, DSP and Shift Register Reporting
---------------------------------------------------------------------------------

Distributed RAM: Preliminary Mapping  Report (see note below)
+-----------------------------------------------------------------------------------------------------------------------------------------------------------------------------------+----------------------------------+----------------+----------------------+----------------+
|Module Name                                                                                                                                                                        | RTL Object                       | Inference      | Size (Depth x Width) | Primitives     | 
+-----------------------------------------------------------------------------------------------------------------------------------------------------------------------------------+----------------------------------+----------------+----------------------+----------------+
|inst/i_0/\m00_nodes/m00_ar_node/inst /\inst_mi_handler/gen_normal_area.gen_node_prog_full.inst_node_prog_full/gen_xpm_memory_fifo.inst_fifo/gen_mem_rep[0].inst_xpm_memory         | gen_wr_a.gen_word_narrow.mem_reg | User Attribute | 32 x 1               | RAM32X1D x 1   | 
|inst/i_0/\m00_nodes/m00_ar_node/inst /\inst_mi_handler/gen_normal_area.inst_fifo_node_payld/gen_xpm_memory_fifo.inst_fifo/gen_mem_rep[0].inst_xpm_memory                           | gen_wr_a.gen_word_narrow.mem_reg | User Attribute | 32 x 158             | RAM32M x 27    | 
|inst/i_0/\m00_nodes/m00_aw_node/inst /\inst_mi_handler/gen_normal_area.gen_node_prog_full.inst_node_prog_full/gen_xpm_memory_fifo.inst_fifo/gen_mem_rep[0].inst_xpm_memory         | gen_wr_a.gen_word_narrow.mem_reg | User Attribute | 32 x 1               | RAM32X1D x 1   | 
|inst/i_0/\m00_nodes/m00_aw_node/inst /\inst_mi_handler/gen_normal_area.inst_fifo_node_payld/gen_xpm_memory_fifo.inst_fifo/gen_mem_rep[0].inst_xpm_memory                           | gen_wr_a.gen_word_narrow.mem_reg | User Attribute | 32 x 158             | RAM32M x 27    | 
|inst/i_0/\m00_nodes/m00_b_node/inst /\inst_mi_handler/gen_normal_area.gen_fifo_req.inst_fifo_req/gen_xpm_memory_fifo.inst_fifo/gen_mem_rep[0].inst_xpm_memory                      | gen_wr_a.gen_word_narrow.mem_reg | User Attribute | 32 x 19              | RAM32M x 4     | 
|inst/i_0/\m00_nodes/m00_b_node/inst /\inst_mi_handler/gen_normal_area.inst_fifo_node_payld/gen_xpm_memory_fifo.inst_fifo/gen_mem_rep[0].inst_xpm_memory                            | gen_wr_a.gen_word_narrow.mem_reg | User Attribute | 32 x 7               | RAM32M x 2     | 
|inst/i_0/\m00_nodes/m00_r_node/inst /\inst_mi_handler/gen_normal_area.gen_fifo_req.inst_fifo_req/gen_xpm_memory_fifo.inst_fifo/gen_mem_rep[0].inst_xpm_memory                      | gen_wr_a.gen_word_narrow.mem_reg | User Attribute | 32 x 19              | RAM32M x 4     | 
|inst/i_0/\m00_nodes/m00_r_node/inst /\inst_mi_handler/gen_normal_area.inst_fifo_node_payld/gen_xpm_memory_fifo.inst_fifo/gen_mem_rep[0].inst_xpm_memory                            | gen_wr_a.gen_word_narrow.mem_reg | User Attribute | 32 x 149             | RAM32M x 25    | 
|inst/i_0/\m00_nodes/m00_w_node/inst /\inst_si_handler/gen_si_handler.gen_request_fifos.gen_req_fifo[0].inst_req_fifo/gen_xpm_memory_fifo.inst_fifo/gen_mem_rep[0].inst_xpm_memory  | gen_wr_a.gen_word_narrow.mem_reg | User Attribute | 4 x 1                | RAM16X1D x 1   | 
|inst/i_0/\m00_nodes/m00_w_node/inst /\inst_si_handler/gen_si_handler.gen_request_fifos.gen_req_fifo[1].inst_req_fifo/gen_xpm_memory_fifo.inst_fifo/gen_mem_rep[0].inst_xpm_memory  | gen_wr_a.gen_word_narrow.mem_reg | User Attribute | 4 x 1                | RAM16X1D x 1   | 
|inst/i_0/\m00_nodes/m00_w_node/inst /\inst_mi_handler/gen_normal_area.gen_node_prog_full.inst_node_prog_full/gen_xpm_memory_fifo.inst_fifo/gen_mem_rep[0].inst_xpm_memory          | gen_wr_a.gen_word_narrow.mem_reg | User Attribute | 32 x 1               | RAM32X1D x 1   | 
|inst/i_0/\m00_nodes/m00_w_node/inst /\inst_mi_handler/gen_normal_area.inst_fifo_node_payld/gen_xpm_memory_fifo.inst_fifo/gen_mem_rep[0].inst_xpm_memory                            | gen_wr_a.gen_word_narrow.mem_reg | User Attribute | 32 x 178             | RAM32M x 30    | 
|inst/i_0/\s00_nodes/s00_ar_node/inst /\inst_mi_handler/gen_normal_area.gen_fifo_req.inst_fifo_req/gen_xpm_memory_fifo.inst_fifo/gen_mem_rep[0].inst_xpm_memory                     | gen_wr_a.gen_word_narrow.mem_reg | User Attribute | 32 x 18              | RAM32M x 3     | 
|inst/i_0/\s00_nodes/s00_ar_node/inst /\inst_mi_handler/gen_normal_area.inst_fifo_node_payld/gen_xpm_memory_fifo.inst_fifo/gen_mem_rep[0].inst_xpm_memory                           | gen_wr_a.gen_word_narrow.mem_reg | User Attribute | 32 x 140             | RAM32M x 24    | 
|inst/i_0/\s00_nodes/s00_aw_node/inst /\inst_mi_handler/gen_normal_area.gen_fifo_req.inst_fifo_req/gen_xpm_memory_fifo.inst_fifo/gen_mem_rep[0].inst_xpm_memory                     | gen_wr_a.gen_word_narrow.mem_reg | User Attribute | 32 x 18              | RAM32M x 3     | 
|inst/i_0/\s00_nodes/s00_aw_node/inst /\inst_mi_handler/gen_normal_area.inst_fifo_node_payld/gen_xpm_memory_fifo.inst_fifo/gen_mem_rep[0].inst_xpm_memory                           | gen_wr_a.gen_word_narrow.mem_reg | User Attribute | 32 x 140             | RAM32M x 24    | 
|inst/i_0/\s00_nodes/s00_b_node/inst /\inst_mi_handler/gen_normal_area.gen_node_prog_full.inst_node_prog_full/gen_xpm_memory_fifo.inst_fifo/gen_mem_rep[0].inst_xpm_memory          | gen_wr_a.gen_word_narrow.mem_reg | User Attribute | 32 x 1               | RAM32X1D x 1   | 
|inst/i_0/\s00_nodes/s00_b_node/inst /\inst_mi_handler/gen_normal_area.inst_fifo_node_payld/gen_xpm_memory_fifo.inst_fifo/gen_mem_rep[0].inst_xpm_memory                            | gen_wr_a.gen_word_narrow.mem_reg | User Attribute | 32 x 25              | RAM32M x 5     | 
|inst/i_0/\s00_nodes/s00_r_node/inst /\inst_mi_handler/gen_normal_area.gen_node_prog_full.inst_node_prog_full/gen_xpm_memory_fifo.inst_fifo/gen_mem_rep[0].inst_xpm_memory          | gen_wr_a.gen_word_narrow.mem_reg | User Attribute | 32 x 1               | RAM32X1D x 1   | 
|inst/i_0/\s00_nodes/s00_r_node/inst /\inst_mi_handler/gen_normal_area.inst_fifo_node_payld/gen_xpm_memory_fifo.inst_fifo/gen_mem_rep[0].inst_xpm_memory                            | gen_wr_a.gen_word_narrow.mem_reg | User Attribute | 32 x 168             | RAM32M x 28    | 
|inst/i_0/\s00_nodes/s00_w_node/inst /\inst_mi_handler/gen_normal_area.gen_fifo_req.inst_fifo_req/gen_xpm_memory_fifo.inst_fifo/gen_mem_rep[0].inst_xpm_memory                      | gen_wr_a.gen_word_narrow.mem_reg | User Attribute | 32 x 18              | RAM32M x 3     | 
|inst/i_0/\s00_nodes/s00_w_node/inst /\inst_mi_handler/gen_normal_area.inst_fifo_node_payld/gen_xpm_memory_fifo.inst_fifo/gen_mem_rep[0].inst_xpm_memory                            | gen_wr_a.gen_word_narrow.mem_reg | User Attribute | 32 x 160             | RAM32M x 27    | 
|inst/i_0/\s01_nodes/s01_ar_node/inst /\inst_mi_handler/gen_normal_area.gen_fifo_req.inst_fifo_req/gen_xpm_memory_fifo.inst_fifo/gen_mem_rep[0].inst_xpm_memory                     | gen_wr_a.gen_word_narrow.mem_reg | User Attribute | 32 x 18              | RAM32M x 3     | 
|inst/i_0/\s01_nodes/s01_ar_node/inst /\inst_mi_handler/gen_normal_area.inst_fifo_node_payld/gen_xpm_memory_fifo.inst_fifo/gen_mem_rep[0].inst_xpm_memory                           | gen_wr_a.gen_word_narrow.mem_reg | User Attribute | 32 x 140             | RAM32M x 24    | 
|inst/i_0/\s01_nodes/s01_r_node/inst /\inst_mi_handler/gen_normal_area.gen_node_prog_full.inst_node_prog_full/gen_xpm_memory_fifo.inst_fifo/gen_mem_rep[0].inst_xpm_memory          | gen_wr_a.gen_word_narrow.mem_reg | User Attribute | 32 x 1               | RAM32X1D x 1   | 
|inst/i_0/\s01_nodes/s01_r_node/inst /\inst_mi_handler/gen_normal_area.inst_fifo_node_payld/gen_xpm_memory_fifo.inst_fifo/gen_mem_rep[0].inst_xpm_memory                            | gen_wr_a.gen_word_narrow.mem_reg | User Attribute | 32 x 168             | RAM32M x 28    | 
+-----------------------------------------------------------------------------------------------------------------------------------------------------------------------------------+----------------------------------+----------------+----------------------+----------------+

Note: The table above is a preliminary report that shows the Distributed RAMs at the current stage of the synthesis flow. Some Distributed RAMs may be reimplemented as non Distributed RAM primitives later in the synthesis flow. Multiple instantiated RAMs are reported only once.
---------------------------------------------------------------------------------
Finished ROM, RAM, DSP and Shift Register Reporting
---------------------------------------------------------------------------------
Finished Applying XDC Timing Constraints : Time (s): cpu = 00:02:44 ; elapsed = 00:02:46 . Memory (MB): peak = 1367.000 ; gain = 1070.438
Finished Timing Optimization : Time (s): cpu = 00:02:48 ; elapsed = 00:02:51 . Memory (MB): peak = 1367.000 ; gain = 1070.438
Finished Technology Mapping : Time (s): cpu = 00:02:56 ; elapsed = 00:02:59 . Memory (MB): peak = 1367.000 ; gain = 1070.438
Finished IO Insertion : Time (s): cpu = 00:02:58 ; elapsed = 00:03:00 . Memory (MB): peak = 1367.000 ; gain = 1070.438
Finished Renaming Generated Instances : Time (s): cpu = 00:02:58 ; elapsed = 00:03:00 . Memory (MB): peak = 1367.000 ; gain = 1070.438
Finished Rebuilding User Hierarchy : Time (s): cpu = 00:02:59 ; elapsed = 00:03:02 . Memory (MB): peak = 1367.000 ; gain = 1070.438
Finished Renaming Generated Ports : Time (s): cpu = 00:02:59 ; elapsed = 00:03:02 . Memory (MB): peak = 1367.000 ; gain = 1070.438
Finished Handling Custom Attributes : Time (s): cpu = 00:03:00 ; elapsed = 00:03:02 . Memory (MB): peak = 1367.000 ; gain = 1070.438
Finished Renaming Generated Nets : Time (s): cpu = 00:03:00 ; elapsed = 00:03:03 . Memory (MB): peak = 1367.000 ; gain = 1070.438

Report Cell Usage: 
+------+---------+------+
|      |Cell     |Count |
+------+---------+------+
|1     |CARRY4   |     6|
|2     |LUT1     |   151|
|3     |LUT2     |   529|
|4     |LUT3     |   513|
|5     |LUT4     |  1371|
|6     |LUT5     |   461|
|7     |LUT6     |  1011|
|8     |RAM16X1D |     2|
|9     |RAM32M   |   291|
|10    |RAM32X1D |     6|
|11    |SRL16    |     1|
|12    |SRLC32E  |   215|
|13    |FDR      |     4|
|14    |FDRE     |  4097|
|15    |FDSE     |   163|
+------+---------+------+
Finished Writing Synthesis Report : Time (s): cpu = 00:03:00 ; elapsed = 00:03:03 . Memory (MB): peak = 1367.000 ; gain = 1070.438
synth_design: Time (s): cpu = 00:03:08 ; elapsed = 00:03:11 . Memory (MB): peak = 1367.000 ; gain = 1075.305
