
*** Running vivado
    with args -log system_lmb_bram_1.vds -m64 -product Vivado -mode batch -messageDb vivado.pb -notrace -source system_lmb_bram_1.tcl


****** Vivado v2017.1 (64-bit)
  **** SW Build 1846317 on Fri Apr 14 18:55:03 MDT 2017
  **** IP Build 1846188 on Fri Apr 14 20:52:08 MDT 2017
    ** Copyright 1986-2017 Xilinx, Inc. All Rights Reserved.

source system_lmb_bram_1.tcl -notrace
Starting RTL Elaboration : Time (s): cpu = 00:00:08 ; elapsed = 00:00:08 . Memory (MB): peak = 354.758 ; gain = 84.227
INFO: [Synth 8-638] synthesizing module 'system_lmb_bram_1' [c:/Arty/MicroBlaze/MicroBlaze.srcs/sources_1/bd/system/ip/system_lmb_bram_1/synth/system_lmb_bram_1.vhd:78]
INFO: [Synth 8-256] done synthesizing module 'system_lmb_bram_1' (11#1) [c:/Arty/MicroBlaze/MicroBlaze.srcs/sources_1/bd/system/ip/system_lmb_bram_1/synth/system_lmb_bram_1.vhd:78]
Finished RTL Elaboration : Time (s): cpu = 00:01:04 ; elapsed = 00:01:05 . Memory (MB): peak = 561.164 ; gain = 290.633
Finished RTL Optimization Phase 1 : Time (s): cpu = 00:01:05 ; elapsed = 00:01:05 . Memory (MB): peak = 561.164 ; gain = 290.633
INFO: [Device 21-403] Loading part xc7a35ticsg324-1L
Constraint Validation Runtime : Time (s): cpu = 00:00:00 ; elapsed = 00:00:00.034 . Memory (MB): peak = 661.992 ; gain = 0.000
Finished Constraint Validation : Time (s): cpu = 00:01:17 ; elapsed = 00:01:18 . Memory (MB): peak = 661.992 ; gain = 391.461
Finished Loading Part and Timing Information : Time (s): cpu = 00:01:17 ; elapsed = 00:01:18 . Memory (MB): peak = 661.992 ; gain = 391.461
Finished applying 'set_property' XDC Constraints : Time (s): cpu = 00:01:17 ; elapsed = 00:01:18 . Memory (MB): peak = 661.992 ; gain = 391.461
Finished RTL Optimization Phase 2 : Time (s): cpu = 00:01:18 ; elapsed = 00:01:19 . Memory (MB): peak = 661.992 ; gain = 391.461
Finished Cross Boundary and Area Optimization : Time (s): cpu = 00:01:18 ; elapsed = 00:01:19 . Memory (MB): peak = 661.992 ; gain = 391.461
Finished Applying XDC Timing Constraints : Time (s): cpu = 00:01:32 ; elapsed = 00:01:33 . Memory (MB): peak = 661.992 ; gain = 391.461
Finished Timing Optimization : Time (s): cpu = 00:01:32 ; elapsed = 00:01:33 . Memory (MB): peak = 661.992 ; gain = 391.461
Finished Technology Mapping : Time (s): cpu = 00:01:32 ; elapsed = 00:01:34 . Memory (MB): peak = 663.871 ; gain = 393.340
Finished IO Insertion : Time (s): cpu = 00:01:33 ; elapsed = 00:01:34 . Memory (MB): peak = 663.871 ; gain = 393.340
Finished Renaming Generated Instances : Time (s): cpu = 00:01:33 ; elapsed = 00:01:34 . Memory (MB): peak = 663.871 ; gain = 393.340
Finished Rebuilding User Hierarchy : Time (s): cpu = 00:01:33 ; elapsed = 00:01:34 . Memory (MB): peak = 663.871 ; gain = 393.340
Finished Renaming Generated Ports : Time (s): cpu = 00:01:33 ; elapsed = 00:01:34 . Memory (MB): peak = 663.871 ; gain = 393.340
Finished Handling Custom Attributes : Time (s): cpu = 00:01:33 ; elapsed = 00:01:34 . Memory (MB): peak = 663.871 ; gain = 393.340
Finished Renaming Generated Nets : Time (s): cpu = 00:01:33 ; elapsed = 00:01:34 . Memory (MB): peak = 663.871 ; gain = 393.340

Report Cell Usage: 
+------+---------+------+
|      |Cell     |Count |
+------+---------+------+
|1     |RAMB36E1 |     8|
+------+---------+------+
Finished Writing Synthesis Report : Time (s): cpu = 00:01:33 ; elapsed = 00:01:34 . Memory (MB): peak = 663.871 ; gain = 393.340
synth_design: Time (s): cpu = 00:01:35 ; elapsed = 00:01:36 . Memory (MB): peak = 676.395 ; gain = 405.863
