
*** Running vivado
    with args -log system_ilmb_bram_if_cntlr_0.vds -m64 -product Vivado -mode batch -messageDb vivado.pb -notrace -source system_ilmb_bram_if_cntlr_0.tcl


****** Vivado v2017.1 (64-bit)
  **** SW Build 1846317 on Fri Apr 14 18:55:03 MDT 2017
  **** IP Build 1846188 on Fri Apr 14 20:52:08 MDT 2017
    ** Copyright 1986-2017 Xilinx, Inc. All Rights Reserved.

source system_ilmb_bram_if_cntlr_0.tcl -notrace
Starting RTL Elaboration : Time (s): cpu = 00:00:08 ; elapsed = 00:00:08 . Memory (MB): peak = 352.688 ; gain = 81.297
INFO: [Synth 8-638] synthesizing module 'system_ilmb_bram_if_cntlr_0' [c:/Arty/MicroBlaze/MicroBlaze.srcs/sources_1/bd/system/ip/system_ilmb_bram_if_cntlr_0/synth/system_ilmb_bram_if_cntlr_0.vhd:84]
INFO: [Synth 8-638] synthesizing module 'lmb_bram_if_cntlr' [c:/Arty/MicroBlaze/MicroBlaze.srcs/sources_1/bd/system/ipshared/5376/hdl/lmb_bram_if_cntlr_v4_0_vh_rfs.vhd:3106]
INFO: [Synth 8-638] synthesizing module 'lmb_mux' [c:/Arty/MicroBlaze/MicroBlaze.srcs/sources_1/bd/system/ipshared/5376/hdl/lmb_bram_if_cntlr_v4_0_vh_rfs.vhd:2601]
INFO: [Synth 8-638] synthesizing module 'pselect_mask' [c:/Arty/MicroBlaze/MicroBlaze.srcs/sources_1/bd/system/ipshared/5376/hdl/lmb_bram_if_cntlr_v4_0_vh_rfs.vhd:2121]
INFO: [Synth 8-256] done synthesizing module 'pselect_mask' (1#1) [c:/Arty/MicroBlaze/MicroBlaze.srcs/sources_1/bd/system/ipshared/5376/hdl/lmb_bram_if_cntlr_v4_0_vh_rfs.vhd:2121]
INFO: [Synth 8-256] done synthesizing module 'lmb_mux' (2#1) [c:/Arty/MicroBlaze/MicroBlaze.srcs/sources_1/bd/system/ipshared/5376/hdl/lmb_bram_if_cntlr_v4_0_vh_rfs.vhd:2601]
INFO: [Synth 8-256] done synthesizing module 'lmb_bram_if_cntlr' (3#1) [c:/Arty/MicroBlaze/MicroBlaze.srcs/sources_1/bd/system/ipshared/5376/hdl/lmb_bram_if_cntlr_v4_0_vh_rfs.vhd:3106]
INFO: [Synth 8-256] done synthesizing module 'system_ilmb_bram_if_cntlr_0' (4#1) [c:/Arty/MicroBlaze/MicroBlaze.srcs/sources_1/bd/system/ip/system_ilmb_bram_if_cntlr_0/synth/system_ilmb_bram_if_cntlr_0.vhd:84]
Finished RTL Elaboration : Time (s): cpu = 00:00:10 ; elapsed = 00:00:11 . Memory (MB): peak = 394.016 ; gain = 122.625
Finished RTL Optimization Phase 1 : Time (s): cpu = 00:00:10 ; elapsed = 00:00:11 . Memory (MB): peak = 394.016 ; gain = 122.625
INFO: [Device 21-403] Loading part xc7a35ticsg324-1L
Constraint Validation Runtime : Time (s): cpu = 00:00:00 ; elapsed = 00:00:00.056 . Memory (MB): peak = 637.012 ; gain = 0.000
Finished Constraint Validation : Time (s): cpu = 00:00:29 ; elapsed = 00:00:31 . Memory (MB): peak = 637.012 ; gain = 365.621
Finished Loading Part and Timing Information : Time (s): cpu = 00:00:29 ; elapsed = 00:00:31 . Memory (MB): peak = 637.012 ; gain = 365.621
Finished applying 'set_property' XDC Constraints : Time (s): cpu = 00:00:29 ; elapsed = 00:00:31 . Memory (MB): peak = 637.012 ; gain = 365.621
Finished RTL Optimization Phase 2 : Time (s): cpu = 00:00:30 ; elapsed = 00:00:32 . Memory (MB): peak = 637.012 ; gain = 365.621
Finished Cross Boundary and Area Optimization : Time (s): cpu = 00:00:30 ; elapsed = 00:00:32 . Memory (MB): peak = 637.012 ; gain = 365.621
Finished Applying XDC Timing Constraints : Time (s): cpu = 00:00:54 ; elapsed = 00:00:56 . Memory (MB): peak = 645.379 ; gain = 373.988
Finished Timing Optimization : Time (s): cpu = 00:00:54 ; elapsed = 00:00:56 . Memory (MB): peak = 645.379 ; gain = 373.988
Finished Technology Mapping : Time (s): cpu = 00:00:54 ; elapsed = 00:00:56 . Memory (MB): peak = 664.664 ; gain = 393.273
Finished IO Insertion : Time (s): cpu = 00:00:56 ; elapsed = 00:00:58 . Memory (MB): peak = 664.664 ; gain = 393.273
Finished Renaming Generated Instances : Time (s): cpu = 00:00:56 ; elapsed = 00:00:58 . Memory (MB): peak = 664.664 ; gain = 393.273
Finished Rebuilding User Hierarchy : Time (s): cpu = 00:00:56 ; elapsed = 00:00:58 . Memory (MB): peak = 664.664 ; gain = 393.273
Finished Renaming Generated Ports : Time (s): cpu = 00:00:56 ; elapsed = 00:00:58 . Memory (MB): peak = 664.664 ; gain = 393.273
Finished Handling Custom Attributes : Time (s): cpu = 00:00:56 ; elapsed = 00:00:58 . Memory (MB): peak = 664.664 ; gain = 393.273
Finished Renaming Generated Nets : Time (s): cpu = 00:00:56 ; elapsed = 00:00:58 . Memory (MB): peak = 664.664 ; gain = 393.273

Report Cell Usage: 
+------+-----+------+
|      |Cell |Count |
+------+-----+------+
|1     |LUT2 |     3|
|2     |LUT3 |     4|
|3     |FDRE |     2|
+------+-----+------+
Finished Writing Synthesis Report : Time (s): cpu = 00:00:56 ; elapsed = 00:00:58 . Memory (MB): peak = 664.664 ; gain = 393.273
synth_design: Time (s): cpu = 00:00:58 ; elapsed = 00:01:00 . Memory (MB): peak = 669.086 ; gain = 397.695
