
*** Running vivado
    with args -log system_microblaze_0_0.vds -m64 -product Vivado -mode batch -messageDb vivado.pb -notrace -source system_microblaze_0_0.tcl


****** Vivado v2017.1 (64-bit)
  **** SW Build 1846317 on Fri Apr 14 18:55:03 MDT 2017
  **** IP Build 1846188 on Fri Apr 14 20:52:08 MDT 2017
    ** Copyright 1986-2017 Xilinx, Inc. All Rights Reserved.

source system_microblaze_0_0.tcl -notrace
Starting RTL Elaboration : Time (s): cpu = 00:00:11 ; elapsed = 00:00:12 . Memory (MB): peak = 359.258 ; gain = 84.887
INFO: [Synth 8-638] synthesizing module 'system_microblaze_0_0' [c:/Arty/MicroBlaze/MicroBlaze.srcs/sources_1/bd/system/ip/system_microblaze_0_0/synth/system_microblaze_0_0.vhd:190]
INFO: [Synth 8-256] done synthesizing module 'system_microblaze_0_0' (63#1) [c:/Arty/MicroBlaze/MicroBlaze.srcs/sources_1/bd/system/ip/system_microblaze_0_0/synth/system_microblaze_0_0.vhd:190]
Finished RTL Elaboration : Time (s): cpu = 00:00:35 ; elapsed = 00:00:39 . Memory (MB): peak = 678.723 ; gain = 404.352
Finished RTL Optimization Phase 1 : Time (s): cpu = 00:00:37 ; elapsed = 00:00:42 . Memory (MB): peak = 678.723 ; gain = 404.352
INFO: [Device 21-403] Loading part xc7a35ticsg324-1L
Constraint Validation Runtime : Time (s): cpu = 00:00:01 ; elapsed = 00:00:00.476 . Memory (MB): peak = 923.063 ; gain = 0.000
Finished Constraint Validation : Time (s): cpu = 00:01:23 ; elapsed = 00:01:31 . Memory (MB): peak = 923.063 ; gain = 648.691
Finished Loading Part and Timing Information : Time (s): cpu = 00:01:23 ; elapsed = 00:01:31 . Memory (MB): peak = 923.063 ; gain = 648.691
Finished applying 'set_property' XDC Constraints : Time (s): cpu = 00:01:23 ; elapsed = 00:01:31 . Memory (MB): peak = 923.063 ; gain = 648.691
Finished RTL Optimization Phase 2 : Time (s): cpu = 00:01:35 ; elapsed = 00:01:43 . Memory (MB): peak = 923.063 ; gain = 648.691
Finished Cross Boundary and Area Optimization : Time (s): cpu = 00:02:23 ; elapsed = 00:02:32 . Memory (MB): peak = 923.063 ; gain = 648.691
Finished Applying XDC Timing Constraints : Time (s): cpu = 00:02:41 ; elapsed = 00:02:50 . Memory (MB): peak = 923.063 ; gain = 648.691
Finished Timing Optimization : Time (s): cpu = 00:02:44 ; elapsed = 00:02:53 . Memory (MB): peak = 923.063 ; gain = 648.691
Finished Technology Mapping : Time (s): cpu = 00:02:50 ; elapsed = 00:02:59 . Memory (MB): peak = 923.063 ; gain = 648.691
Finished IO Insertion : Time (s): cpu = 00:02:52 ; elapsed = 00:03:01 . Memory (MB): peak = 923.063 ; gain = 648.691
Finished Renaming Generated Instances : Time (s): cpu = 00:02:52 ; elapsed = 00:03:01 . Memory (MB): peak = 923.063 ; gain = 648.691
Finished Rebuilding User Hierarchy : Time (s): cpu = 00:02:53 ; elapsed = 00:03:02 . Memory (MB): peak = 923.063 ; gain = 648.691
Finished Renaming Generated Ports : Time (s): cpu = 00:02:53 ; elapsed = 00:03:02 . Memory (MB): peak = 923.063 ; gain = 648.691
Finished Handling Custom Attributes : Time (s): cpu = 00:02:53 ; elapsed = 00:03:02 . Memory (MB): peak = 923.063 ; gain = 648.691
Finished Renaming Generated Nets : Time (s): cpu = 00:02:53 ; elapsed = 00:03:02 . Memory (MB): peak = 923.063 ; gain = 648.691

Report Cell Usage: 
+------+-----------+------+
|      |Cell       |Count |
+------+-----------+------+
|1     |AND2B1L    |     4|
|2     |CARRY4     |     1|
|3     |LUT1       |    32|
|4     |LUT2       |    99|
|5     |LUT3       |   335|
|6     |LUT4       |   196|
|7     |LUT5       |   344|
|8     |LUT6       |   486|
|9     |LUT6_2     |    64|
|10    |MULT_AND   |     1|
|11    |MUXCY_L    |   172|
|12    |MUXF7      |   121|
|13    |RAM32M     |    16|
|14    |RAM32X1D   |    32|
|15    |RAMB36E1   |     2|
|16    |RAMB36E1_1 |     8|
|17    |SRL16E     |   162|
|18    |SRLC16E    |     8|
|19    |XORCY      |    94|
|20    |FDCE       |   143|
|21    |FDE        |    32|
|22    |FDR        |   123|
|23    |FDRE       |  1758|
|24    |FDS        |     1|
|25    |FDSE       |    60|
+------+-----------+------+
Finished Writing Synthesis Report : Time (s): cpu = 00:02:53 ; elapsed = 00:03:02 . Memory (MB): peak = 923.063 ; gain = 648.691
synth_design: Time (s): cpu = 00:03:00 ; elapsed = 00:03:09 . Memory (MB): peak = 923.063 ; gain = 649.344
